"../../../Engine/Content/EditorMaterials/Cascade/CASC_Cross.uasset" 0
"../../../Engine/Content/EditorMaterials/Cascade/CASC_None.uasset" 1
"../../../Engine/Content/Functions/Engine_MaterialFunctions03/Blends/Blend_Overlay.uasset" 2
"D:/Epic Games/Projects/KandidatHorror/Content/Assets/lasdlalsda/Sofa/Sofa_blue_albedo.uasset" 3
"D:/Epic Games/Projects/KandidatHorror/Content/Assets/lasdlalsda/Sofa/Sofa_normal.uasset" 4
"D:/Epic Games/Projects/KandidatHorror/Content/Assets/lasdlalsda/Sofa/Sofa_reflection.uasset" 5
"D:/Epic Games/Projects/KandidatHorror/Content/Assets/lasdlalsda/Sofa/Sofa_blue_material.uasset" 6
"D:/Epic Games/Projects/KandidatHorror/Content/Assets/lasdlalsda/Sofa/Sofa_white_albedo.uasset" 7
"D:/Epic Games/Projects/KandidatHorror/Content/Assets/lasdlalsda/Sofa/Sofa_white_material.uasset" 8
"D:/Epic Games/Projects/KandidatHorror/Content/Assets/Wall_wallpaper/Pillar_wallpaper_pillar2_albedo.uasset" 9
"D:/Epic Games/Projects/KandidatHorror/Content/Assets/Wall_wallpaper/Pillar_wallpaper_pillar2_normal.uasset" 10
"D:/Epic Games/Projects/KandidatHorror/Content/Assets/Wall_wallpaper/Pillar_wallpaper_pillar2_reflection.uasset" 11
"D:/Epic Games/Projects/KandidatHorror/Content/Assets/Wall_wallpaper/Pillar_wallpaper_pillar_material.uasset" 12
"D:/Epic Games/Projects/KandidatHorror/Content/Assets/Wall_wallpaper/Wall_wallpaper_Pillar_wallpaper_pillar1.uasset" 13
"D:/Epic Games/Projects/KandidatHorror/Content/Assets/Wall_wood_bottom/Wall_wood_bottom2_normal.uasset" 14
"D:/Epic Games/Projects/KandidatHorror/Content/Assets/Wall_wood_bottom/Wall_wood_bottom2_reflection.uasset" 15
"D:/Epic Games/Projects/KandidatHorror/Content/Materials/EmLight.uasset" 16
"../../../Engine/Content/Functions/Engine_MaterialFunctions01/Opacity/CameraDepthFade.uasset" 17
"../../../Engine/Content/EngineMaterials/T_Default_Material_Grid_M.uasset" 18
"../../../Engine/Content/EngineMaterials/T_Default_Material_Grid_N.uasset" 19
"../../../Engine/Content/EngineMaterials/DefaultMaterial.uasset" 20
"../../../Engine/Content/BasicShapes/Sphere.uasset" 21
"D:/Epic Games/Projects/KandidatHorror/Content/Blueprints/Bulb.uasset" 22
"D:/Epic Games/Projects/KandidatHorror/Content/Blueprints/MirrorMesh.uasset" 23
"D:/Epic Games/Projects/KandidatHorror/Content/Blueprints/MeshForWindows.uasset" 24
"D:/Epic Games/Projects/KandidatHorror/Content/Materials/LightMaterial.uasset" 25
"D:/Epic Games/Projects/KandidatHorror/Content/Sounds/GameReadySounds/Audio/Wav/rb.uasset" 26
"D:/Epic Games/Projects/KandidatHorror/Content/Sounds/ThunderLong.uasset" 27
"D:/Epic Games/Projects/KandidatHorror/Content/Sounds/ThunderShort.uasset" 28
"D:/Epic Games/Projects/KandidatHorror/Content/Sounds/ThunderMix.uasset" 29
"D:/Epic Games/Projects/KandidatHorror/Content/Sounds/GameReadySounds/Audio/Wav/Aero.uasset" 30
"D:/Epic Games/Projects/KandidatHorror/Content/Sounds/GameReadySounds/Audio/Wav/Horror2.uasset" 31
"D:/Epic Games/Projects/KandidatHorror/Content/Sounds/GameReadySounds/Audio/Wav/Mentality.uasset" 32
"D:/Epic Games/Projects/KandidatHorror/Content/Sounds/GameReadySounds/Audio/HorrorMix.uasset" 33
"D:/Epic Games/Projects/KandidatHorror/Content/Sounds/GameReadySounds/Audio/Cue/Aero_Cue.uasset" 34
"D:/Epic Games/Projects/KandidatHorror/Content/Sounds/GameReadySounds/Audio/Wav/Atlantic2.uasset" 35
"D:/Epic Games/Projects/KandidatHorror/Content/Sounds/GameReadySounds/Audio/Cue/Atlantic2_Cue.uasset" 36
"D:/Epic Games/Projects/KandidatHorror/Content/Sounds/GameReadySounds/Audio/Wav/Atlantic.uasset" 37
"D:/Epic Games/Projects/KandidatHorror/Content/Sounds/GameReadySounds/Audio/Cue/Atlantic_Cue.uasset" 38
"D:/Epic Games/Projects/KandidatHorror/Content/Sounds/GameReadySounds/Audio/Wav/BlownTube.uasset" 39
"D:/Epic Games/Projects/KandidatHorror/Content/Sounds/GameReadySounds/Audio/Cue/BlownTube_Cue.uasset" 40
"D:/Epic Games/Projects/KandidatHorror/Content/Sounds/GameReadySounds/Audio/Wav/breathe.uasset" 41
"D:/Epic Games/Projects/KandidatHorror/Content/Sounds/GameReadySounds/Audio/Cue/breathe_Cue.uasset" 42
"D:/Epic Games/Projects/KandidatHorror/Content/Sounds/GameReadySounds/Audio/Wav/BurningAir.uasset" 43
"D:/Epic Games/Projects/KandidatHorror/Content/Sounds/GameReadySounds/Audio/Cue/BurningAir_Cue.uasset" 44
"D:/Epic Games/Projects/KandidatHorror/Content/Sounds/GameReadySounds/Audio/Wav/Cave.uasset" 45
"D:/Epic Games/Projects/KandidatHorror/Content/Sounds/GameReadySounds/Audio/Cue/Cave_Cue.uasset" 46
"D:/Epic Games/Projects/KandidatHorror/Content/Sounds/GameReadySounds/Audio/Wav/Chime.uasset" 47
"D:/Epic Games/Projects/KandidatHorror/Content/Sounds/GameReadySounds/Audio/Cue/Chime_Cue.uasset" 48
"D:/Epic Games/Projects/KandidatHorror/Content/Sounds/GameReadySounds/Audio/Wav/Choral2.uasset" 49
"D:/Epic Games/Projects/KandidatHorror/Content/Sounds/GameReadySounds/Audio/Cue/Choral2_Cue.uasset" 50
"D:/Epic Games/Projects/KandidatHorror/Content/Sounds/GameReadySounds/Audio/Wav/Circular.uasset" 51
"D:/Epic Games/Projects/KandidatHorror/Content/Sounds/GameReadySounds/Audio/Cue/Circular_Cue.uasset" 52
"D:/Epic Games/Projects/KandidatHorror/Content/Sounds/GameReadySounds/Audio/Wav/Crystals2.uasset" 53
"D:/Epic Games/Projects/KandidatHorror/Content/Sounds/GameReadySounds/Audio/Cue/Crystals2_Cue.uasset" 54
"D:/Epic Games/Projects/KandidatHorror/Content/Sounds/GameReadySounds/Audio/Wav/Crystals3.uasset" 55
"D:/Epic Games/Projects/KandidatHorror/Content/Sounds/GameReadySounds/Audio/Cue/Crystals3_Cue.uasset" 56
"D:/Epic Games/Projects/KandidatHorror/Content/Sounds/GameReadySounds/Audio/Wav/Crystals.uasset" 57
"D:/Epic Games/Projects/KandidatHorror/Content/Sounds/GameReadySounds/Audio/Cue/Crystals_Cue.uasset" 58
"D:/Epic Games/Projects/KandidatHorror/Content/Sounds/GameReadySounds/Audio/Wav/DevilBreathe.uasset" 59
"D:/Epic Games/Projects/KandidatHorror/Content/Sounds/GameReadySounds/Audio/Cue/DevilBreathe_Cue.uasset" 60
"D:/Epic Games/Projects/KandidatHorror/Content/Sounds/GameReadySounds/Audio/Wav/Dreams2.uasset" 61
"D:/Epic Games/Projects/KandidatHorror/Content/Sounds/GameReadySounds/Audio/Cue/Dreams2_Cue.uasset" 62
"D:/Epic Games/Projects/KandidatHorror/Content/Sounds/GameReadySounds/Audio/Wav/East.uasset" 63
"D:/Epic Games/Projects/KandidatHorror/Content/Sounds/GameReadySounds/Audio/Cue/East_Cue.uasset" 64
"D:/Epic Games/Projects/KandidatHorror/Content/Sounds/GameReadySounds/Audio/Wav/Edge.uasset" 65
"D:/Epic Games/Projects/KandidatHorror/Content/Sounds/GameReadySounds/Audio/Cue/Edge_Cue.uasset" 66
"D:/Epic Games/Projects/KandidatHorror/Content/Sounds/GameReadySounds/Audio/Wav/EngineDrone.uasset" 67
"D:/Epic Games/Projects/KandidatHorror/Content/Sounds/GameReadySounds/Audio/Cue/EngineDrone_Cue.uasset" 68
"D:/Epic Games/Projects/KandidatHorror/Content/Sounds/GameReadySounds/Audio/Cue/Horror2_Cue.uasset" 69
"D:/Epic Games/Projects/KandidatHorror/Content/Sounds/GameReadySounds/Audio/Wav/Horror.uasset" 70
"D:/Epic Games/Projects/KandidatHorror/Content/Sounds/GameReadySounds/Audio/Cue/Horror_Cue.uasset" 71
"D:/Epic Games/Projects/KandidatHorror/Content/Sounds/GameReadySounds/Audio/Wav/mars.uasset" 72
"D:/Epic Games/Projects/KandidatHorror/Content/Sounds/GameReadySounds/Audio/Cue/mars_Cue.uasset" 73
"D:/Epic Games/Projects/KandidatHorror/Content/Sounds/GameReadySounds/Audio/Cue/Mentality_Cue.uasset" 74
"D:/Epic Games/Projects/KandidatHorror/Content/Sounds/GameReadySounds/Audio/Wav/moon1_.uasset" 75
"D:/Epic Games/Projects/KandidatHorror/Content/Sounds/GameReadySounds/Audio/Cue/moon1__Cue.uasset" 76
"D:/Epic Games/Projects/KandidatHorror/Content/Sounds/GameReadySounds/Audio/Wav/MOONwav.uasset" 77
"D:/Epic Games/Projects/KandidatHorror/Content/Sounds/GameReadySounds/Audio/Cue/MOONwav_Cue.uasset" 78
"D:/Epic Games/Projects/KandidatHorror/Content/Sounds/GameReadySounds/Audio/Wav/oceanplanet1.uasset" 79
"D:/Epic Games/Projects/KandidatHorror/Content/Sounds/GameReadySounds/Audio/Cue/oceanplanet1_Cue.uasset" 80
"D:/Epic Games/Projects/KandidatHorror/Content/Sounds/GameReadySounds/Audio/Wav/planet3.uasset" 81
"D:/Epic Games/Projects/KandidatHorror/Content/Sounds/GameReadySounds/Audio/Cue/planet3_Cue.uasset" 82
"D:/Epic Games/Projects/KandidatHorror/Content/Sounds/GameReadySounds/Audio/Wav/planet4.uasset" 83
"D:/Epic Games/Projects/KandidatHorror/Content/Sounds/GameReadySounds/Audio/Cue/planet4_Cue.uasset" 84
"D:/Epic Games/Projects/KandidatHorror/Content/Sounds/GameReadySounds/Audio/Wav/planet5.uasset" 85
"D:/Epic Games/Projects/KandidatHorror/Content/Sounds/GameReadySounds/Audio/Cue/planet5_Cue.uasset" 86
"D:/Epic Games/Projects/KandidatHorror/Content/Sounds/GameReadySounds/Audio/Wav/planet6.uasset" 87
"D:/Epic Games/Projects/KandidatHorror/Content/Sounds/GameReadySounds/Audio/Cue/planet6_Cue.uasset" 88
"D:/Epic Games/Projects/KandidatHorror/Content/Sounds/GameReadySounds/Audio/Wav/planet8.uasset" 89
"D:/Epic Games/Projects/KandidatHorror/Content/Sounds/GameReadySounds/Audio/Cue/planet8_Cue.uasset" 90
"D:/Epic Games/Projects/KandidatHorror/Content/Sounds/GameReadySounds/Audio/Cue/rb_Cue.uasset" 91
"D:/Epic Games/Projects/KandidatHorror/Content/Sounds/GameReadySounds/Audio/Wav/SkyBox.uasset" 92
"D:/Epic Games/Projects/KandidatHorror/Content/Sounds/GameReadySounds/Audio/Cue/SkyBox_Cue.uasset" 93
"D:/Epic Games/Projects/KandidatHorror/Content/Sounds/GameReadySounds/Audio/Wav/sphere.uasset" 94
"D:/Epic Games/Projects/KandidatHorror/Content/Sounds/GameReadySounds/Audio/Cue/sphere_Cue.uasset" 95
"D:/Epic Games/Projects/KandidatHorror/Content/Sounds/GameReadySounds/Audio/Wav/Sputnick.uasset" 96
"D:/Epic Games/Projects/KandidatHorror/Content/Sounds/GameReadySounds/Audio/Cue/Sputnick_Cue.uasset" 97
"D:/Epic Games/Projects/KandidatHorror/Content/Sounds/GameReadySounds/Audio/Wav/Suspense.uasset" 98
"D:/Epic Games/Projects/KandidatHorror/Content/Sounds/GameReadySounds/Audio/Cue/Suspense_Cue.uasset" 99
"D:/Epic Games/Projects/KandidatHorror/Content/Sounds/GameReadySounds/Audio/Wav/tap.uasset" 100
"D:/Epic Games/Projects/KandidatHorror/Content/Sounds/GameReadySounds/Audio/Cue/tap_Cue.uasset" 101
"D:/Epic Games/Projects/KandidatHorror/Content/Sounds/GameReadySounds/Audio/Wav/UnderWater.uasset" 102
"D:/Epic Games/Projects/KandidatHorror/Content/Sounds/GameReadySounds/Audio/Cue/UnderWater_Cue.uasset" 103
"D:/Epic Games/Projects/KandidatHorror/Content/Sounds/GameReadySounds/Audio/Wav/Ungluded.uasset" 104
"D:/Epic Games/Projects/KandidatHorror/Content/Sounds/GameReadySounds/Audio/Cue/Ungluded_Cue.uasset" 105
"D:/Epic Games/Projects/KandidatHorror/Content/Sounds/GameReadySounds/Audio/Wav/Vowleizer.uasset" 106
"D:/Epic Games/Projects/KandidatHorror/Content/Sounds/GameReadySounds/Audio/Cue/Vowleizer_Cue.uasset" 107
"D:/Epic Games/Projects/KandidatHorror/Content/Sounds/GameReadySounds/Audio/Wav/Wires.uasset" 108
"D:/Epic Games/Projects/KandidatHorror/Content/Sounds/GameReadySounds/Audio/Cue/Wires_Cue.uasset" 109
"D:/Epic Games/Projects/KandidatHorror/Content/Sounds/GameReadySounds/Audio/Wav/alineanimal.uasset" 110
"D:/Epic Games/Projects/KandidatHorror/Content/Sounds/GameReadySounds/Audio/Wav/boo.uasset" 111
"D:/Epic Games/Projects/KandidatHorror/Content/Sounds/GameReadySounds/Audio/Wav/Choral.uasset" 112
"D:/Epic Games/Projects/KandidatHorror/Content/Sounds/GameReadySounds/Audio/Wav/Cosmic.uasset" 113
"D:/Epic Games/Projects/KandidatHorror/Content/Sounds/GameReadySounds/Audio/Wav/Deep.uasset" 114
"D:/Epic Games/Projects/KandidatHorror/Content/Sounds/GameReadySounds/Audio/Wav/deepair1.uasset" 115
"D:/Epic Games/Projects/KandidatHorror/Content/Sounds/GameReadySounds/Audio/Wav/deepair2.uasset" 116
"D:/Epic Games/Projects/KandidatHorror/Content/Sounds/GameReadySounds/Audio/Wav/DroneEngine3.uasset" 117
"D:/Epic Games/Projects/KandidatHorror/Content/Sounds/GameReadySounds/Audio/Wav/EngineDrone2.uasset" 118
"D:/Epic Games/Projects/KandidatHorror/Content/Sounds/GameReadySounds/Audio/Wav/horn.uasset" 119
"D:/Epic Games/Projects/KandidatHorror/Content/Sounds/GameReadySounds/Audio/Wav/horn1.uasset" 120
"D:/Epic Games/Projects/KandidatHorror/Content/Sounds/GameReadySounds/Audio/Wav/horn3.uasset" 121
"D:/Epic Games/Projects/KandidatHorror/Content/Sounds/GameReadySounds/Audio/Wav/met1.uasset" 122
"D:/Epic Games/Projects/KandidatHorror/Content/Sounds/GameReadySounds/Audio/Wav/met5.uasset" 123
"D:/Epic Games/Projects/KandidatHorror/Content/Sounds/GameReadySounds/Audio/Wav/met6.uasset" 124
"D:/Epic Games/Projects/KandidatHorror/Content/Sounds/GameReadySounds/Audio/Wav/met7.uasset" 125
"D:/Epic Games/Projects/KandidatHorror/Content/Sounds/GameReadySounds/Audio/Wav/metal.uasset" 126
"D:/Epic Games/Projects/KandidatHorror/Content/Sounds/GameReadySounds/Audio/Wav/NewSaspens.uasset" 127
"D:/Epic Games/Projects/KandidatHorror/Content/Sounds/GameReadySounds/Audio/Wav/piano.uasset" 128
"D:/Epic Games/Projects/KandidatHorror/Content/Sounds/GameReadySounds/Audio/Wav/planet2.uasset" 129
"D:/Epic Games/Projects/KandidatHorror/Content/Sounds/GameReadySounds/Audio/Wav/Pools.uasset" 130
"D:/Epic Games/Projects/KandidatHorror/Content/Sounds/GameReadySounds/Audio/Wav/rumble.uasset" 131
"D:/Epic Games/Projects/KandidatHorror/Content/Sounds/GameReadySounds/Audio/Wav/Sky.uasset" 132
"D:/Epic Games/Projects/KandidatHorror/Content/Sounds/GameReadySounds/Audio/Wav/snatcher.uasset" 133
"D:/Epic Games/Projects/KandidatHorror/Content/Sounds/GameReadySounds/Audio/Wav/soundplanet.uasset" 134
"D:/Epic Games/Projects/KandidatHorror/Content/Sounds/GameReadySounds/Audio/Wav/Speeding.uasset" 135
"D:/Epic Games/Projects/KandidatHorror/Content/Sounds/GameReadySounds/Audio/Wav/Stars.uasset" 136
"D:/Epic Games/Projects/KandidatHorror/Content/Sounds/GameReadySounds/Audio/Wav/Summer.uasset" 137
"D:/Epic Games/Projects/KandidatHorror/Content/Sounds/GameReadySounds/Audio/Wav/them.uasset" 138
"D:/Epic Games/Projects/KandidatHorror/Content/Sounds/GameReadySounds/Audio/Wav/Under.uasset" 139
"D:/Epic Games/Projects/KandidatHorror/Content/Sounds/WAV/Footsteps.uasset" 140
"D:/Epic Games/Projects/KandidatHorror/Content/StarterContent/Materials/M_Basic_Wall.uasset" 141
"D:/Epic Games/Projects/KandidatHorror/Content/StarterContent/Architecture/Pillar_50x500.uasset" 142
"D:/Epic Games/Projects/KandidatHorror/Content/StarterContent/Architecture/Wall_400x300.uasset" 143
"D:/Epic Games/Projects/KandidatHorror/Content/StarterContent/Architecture/Wall_400x400.uasset" 144
"D:/Epic Games/Projects/KandidatHorror/Content/StarterContent/Architecture/Wall_500x500.uasset" 145
"D:/Epic Games/Projects/KandidatHorror/Content/StarterContent/Architecture/Wall_Door_400x400.uasset" 146
"D:/Epic Games/Projects/KandidatHorror/Content/StarterContent/Architecture/Wall_Window_400x400.uasset" 147
"D:/Epic Games/Projects/KandidatHorror/Content/StarterContent/Audio/Collapse01.uasset" 148
"D:/Epic Games/Projects/KandidatHorror/Content/StarterContent/Audio/Collapse02.uasset" 149
"D:/Epic Games/Projects/KandidatHorror/Content/StarterContent/Audio/Explosion01.uasset" 150
"D:/Epic Games/Projects/KandidatHorror/Content/StarterContent/Audio/Explosion02.uasset" 151
"D:/Epic Games/Projects/KandidatHorror/Content/StarterContent/Audio/Fire01.uasset" 152
"D:/Epic Games/Projects/KandidatHorror/Content/StarterContent/Audio/Fire_Sparks01.uasset" 153
"D:/Epic Games/Projects/KandidatHorror/Content/StarterContent/Audio/Light01.uasset" 154
"D:/Epic Games/Projects/KandidatHorror/Content/StarterContent/Audio/Light01_Cue.uasset" 155
"D:/Epic Games/Projects/KandidatHorror/Content/StarterContent/Audio/Light02.uasset" 156
"D:/Epic Games/Projects/KandidatHorror/Content/StarterContent/Audio/Light02_Cue.uasset" 157
"D:/Epic Games/Projects/KandidatHorror/Content/StarterContent/Audio/Smoke01.uasset" 158
"D:/Epic Games/Projects/KandidatHorror/Content/StarterContent/Audio/Starter_Birds01.uasset" 159
"D:/Epic Games/Projects/KandidatHorror/Content/StarterContent/Audio/Starter_Music01.uasset" 160
"D:/Epic Games/Projects/KandidatHorror/Content/StarterContent/Audio/Starter_Wind05.uasset" 161
"D:/Epic Games/Projects/KandidatHorror/Content/StarterContent/Audio/Starter_Wind06.uasset" 162
"D:/Epic Games/Projects/KandidatHorror/Content/StarterContent/Audio/Steam01.uasset" 163
"D:/Epic Games/Projects/KandidatHorror/Content/StarterContent/Audio/Explosion_Cue.uasset" 164
"D:/Epic Games/Projects/KandidatHorror/Content/StarterContent/Textures/T_Burst_M.uasset" 165
"D:/Epic Games/Projects/KandidatHorror/Content/StarterContent/Particles/Materials/M_Burst.uasset" 166
"D:/Epic Games/Projects/KandidatHorror/Content/StarterContent/Textures/T_Explosion_SubUV.uasset" 167
"D:/Epic Games/Projects/KandidatHorror/Content/StarterContent/Particles/Materials/M_explosion_subUV.uasset" 168
"D:/Epic Games/Projects/KandidatHorror/Content/StarterContent/Particles/Materials/m_flare_01.uasset" 169
"../../../Engine/Content/Functions/Engine_MaterialFunctions01/Gradient/RadialGradient.uasset" 170
"D:/Epic Games/Projects/KandidatHorror/Content/StarterContent/Particles/Materials/M_radial_ramp.uasset" 171
"D:/Epic Games/Projects/KandidatHorror/Content/StarterContent/Textures/T_Smoke_SubUV.uasset" 172
"D:/Epic Games/Projects/KandidatHorror/Content/StarterContent/Textures/T_Smoke_Tiled_D.uasset" 173
"D:/Epic Games/Projects/KandidatHorror/Content/StarterContent/Particles/Materials/M_smoke_subUV.uasset" 174
"D:/Epic Games/Projects/KandidatHorror/Content/StarterContent/Particles/P_Explosion.uasset" 175
"D:/Epic Games/Projects/KandidatHorror/Content/StarterContent/Blueprints/Blueprint_Effect_Explosion.uasset" 176
"D:/Epic Games/Projects/KandidatHorror/Content/StarterContent/FirstPerson/Character/Mesh/SK_Mannequin_Arms_Skeleton.uasset" 177
"D:/Epic Games/Projects/KandidatHorror/Content/StarterContent/FirstPerson/Animations/FirstPerson_Idle.uasset" 178
"D:/Epic Games/Projects/KandidatHorror/Content/StarterContent/FirstPerson/Animations/FirstPerson_JumpEnd.uasset" 179
"D:/Epic Games/Projects/KandidatHorror/Content/StarterContent/FirstPerson/Animations/FirstPerson_JumpLoop.uasset" 180
"D:/Epic Games/Projects/KandidatHorror/Content/StarterContent/FirstPerson/Animations/FirstPerson_JumpStart.uasset" 181
"D:/Epic Games/Projects/KandidatHorror/Content/StarterContent/FirstPerson/Animations/FirstPerson_Run.uasset" 182
"../../../Engine/Content/EditorBlueprintResources/StandardMacros.uasset" 183
"D:/Epic Games/Projects/KandidatHorror/Content/StarterContent/FirstPerson/Animations/FirstPerson_AnimBP.uasset" 184
"../../../Engine/Content/Functions/Engine_MaterialFunctions02/Utility/BlendAngleCorrectedNormals.uasset" 185
"../../../Engine/Content/Functions/MaterialLayerFunctions/MatLayerBlend_NormalBlend.uasset" 186
"../../../Engine/Content/Functions/MaterialLayerFunctions/MatLayerBlend_Simple.uasset" 187
"D:/Epic Games/Projects/KandidatHorror/Content/StarterContent/FirstPerson/Character/Materials/MaterialLayers/T_ML_Rubber_Blue_01_D.uasset" 188
"D:/Epic Games/Projects/KandidatHorror/Content/StarterContent/FirstPerson/Character/Materials/MaterialLayers/T_ML_Rubber_Blue_01_N.uasset" 189
"D:/Epic Games/Projects/KandidatHorror/Content/StarterContent/FirstPerson/Character/Materials/MaterialLayers/ML_GlossyBlack_Latex_UE4.uasset" 190
"D:/Epic Games/Projects/KandidatHorror/Content/StarterContent/FirstPerson/Character/Materials/MaterialLayers/ML_Plastic_Shiny_Beige.uasset" 191
"D:/Epic Games/Projects/KandidatHorror/Content/StarterContent/FirstPerson/Character/Textures/UE4_LOGO_CARD.uasset" 192
"D:/Epic Games/Projects/KandidatHorror/Content/StarterContent/FirstPerson/Character/Materials/MaterialLayers/ML_Plastic_Shiny_Beige_LOGO.uasset" 193
"D:/Epic Games/Projects/KandidatHorror/Content/StarterContent/FirstPerson/Character/Materials/MaterialLayers/T_ML_Aluminum01.uasset" 194
"D:/Epic Games/Projects/KandidatHorror/Content/StarterContent/FirstPerson/Character/Materials/MaterialLayers/T_ML_Aluminum01_N.uasset" 195
"D:/Epic Games/Projects/KandidatHorror/Content/StarterContent/FirstPerson/Character/Materials/MaterialLayers/ML_SoftMetal_UE4.uasset" 196
"D:/Epic Games/Projects/KandidatHorror/Content/StarterContent/FirstPerson/Character/Textures/UE4_Mannequin__normals.uasset" 197
"D:/Epic Games/Projects/KandidatHorror/Content/StarterContent/FirstPerson/Character/Textures/UE4_Mannequin_MAT_MASKA.uasset" 198
"D:/Epic Games/Projects/KandidatHorror/Content/StarterContent/FirstPerson/Character/Materials/M_UE4Man_Body.uasset" 199
"D:/Epic Games/Projects/KandidatHorror/Content/StarterContent/FirstPerson/Character/Mesh/SK_Mannequin_Arms_PhysicsAsset.uasset" 200
"D:/Epic Games/Projects/KandidatHorror/Content/StarterContent/FirstPerson/Character/Mesh/SK_Mannequin_Arms.uasset" 201
"D:/Epic Games/Projects/KandidatHorror/Content/StarterContent/FirstPerson/FPWeapon/Materials/MaterialLayers/ML_Plastic_Shiny_Beige_LOGO.uasset" 202
"D:/Epic Games/Projects/KandidatHorror/Content/StarterContent/FirstPerson/FPWeapon/Materials/MaterialLayers/T_ML_FineRubber.uasset" 203
"D:/Epic Games/Projects/KandidatHorror/Content/StarterContent/FirstPerson/FPWeapon/Materials/MaterialLayers/T_ML_Rubber_Blue_01_D.uasset" 204
"D:/Epic Games/Projects/KandidatHorror/Content/StarterContent/FirstPerson/FPWeapon/Materials/MaterialLayers/T_ML_Rubber_Blue_01_N.uasset" 205
"D:/Epic Games/Projects/KandidatHorror/Content/StarterContent/FirstPerson/FPWeapon/Materials/MaterialLayers/ML_GlossyBlack_Latex_UE4.uasset" 206
"D:/Epic Games/Projects/KandidatHorror/Content/StarterContent/FirstPerson/FPWeapon/Materials/MaterialLayers/ML_Plastic_Shiny_Beige.uasset" 207
"D:/Epic Games/Projects/KandidatHorror/Content/StarterContent/FirstPerson/FPWeapon/Materials/MaterialLayers/ML_Screen.uasset" 208
"D:/Epic Games/Projects/KandidatHorror/Content/StarterContent/FirstPerson/FPWeapon/Materials/MaterialLayers/T_ML_Aluminum01.uasset" 209
"D:/Epic Games/Projects/KandidatHorror/Content/StarterContent/FirstPerson/FPWeapon/Materials/MaterialLayers/T_ML_Aluminum01_N.uasset" 210
"D:/Epic Games/Projects/KandidatHorror/Content/StarterContent/FirstPerson/FPWeapon/Materials/MaterialLayers/ML_SoftMetal_UE4.uasset" 211
"D:/Epic Games/Projects/KandidatHorror/Content/StarterContent/FirstPerson/FPWeapon/Textures/T_FPGun_M.uasset" 212
"D:/Epic Games/Projects/KandidatHorror/Content/StarterContent/FirstPerson/FPWeapon/Textures/T_FPGun_N.uasset" 213
"D:/Epic Games/Projects/KandidatHorror/Content/StarterContent/FirstPerson/FPWeapon/Materials/M_FPGun.uasset" 214
"D:/Epic Games/Projects/KandidatHorror/Content/StarterContent/FirstPerson/FPWeapon/Mesh/SK_FPGun_Skeleton.uasset" 215
"D:/Epic Games/Projects/KandidatHorror/Content/StarterContent/FirstPerson/FPWeapon/Mesh/SK_FPGun.uasset" 216
"D:/Epic Games/Projects/KandidatHorror/Content/StarterContent/FirstPerson/FPWeapon/Mesh/SK_FPGun_PhysicsAsset.uasset" 217
"D:/Epic Games/Projects/KandidatHorror/Content/StarterContent/FirstPerson/Textures/FirstPersonCrosshair.uasset" 218
"D:/Epic Games/Projects/KandidatHorror/Content/StarterContent/Geometry/Meshes/CubeMaterial.uasset" 219
"D:/Epic Games/Projects/KandidatHorror/Content/StarterContent/Geometry/Meshes/1M_Cube_Chamfer.uasset" 220
"D:/Epic Games/Projects/KandidatHorror/Content/StarterContent/Geometry/Meshes/TemplateFloor.uasset" 221
"../../../Engine/Content/EditorMeshes/ColorCalibrator/T_ColorGrid.uasset" 222
"D:/Epic Games/Projects/KandidatHorror/Content/StarterContent/Materials/M_ColorGrid_LowSpec.uasset" 223
"D:/Epic Games/Projects/KandidatHorror/Content/StarterContent/Textures/T_Bush_D.uasset" 224
"D:/Epic Games/Projects/KandidatHorror/Content/StarterContent/Textures/T_Bush_N.uasset" 225
"D:/Epic Games/Projects/KandidatHorror/Content/StarterContent/Props/Materials/M_Bush.uasset" 226
"D:/Epic Games/Projects/KandidatHorror/Content/StarterContent/Props/SM_Bush.uasset" 227
"D:/Epic Games/Projects/KandidatHorror/Content/StarterContent/Textures/T_Chair_M.uasset" 228
"D:/Epic Games/Projects/KandidatHorror/Content/StarterContent/Textures/T_Chair_N.uasset" 229
"D:/Epic Games/Projects/KandidatHorror/Content/StarterContent/Props/Materials/M_Chair.uasset" 230
"D:/Epic Games/Projects/KandidatHorror/Content/StarterContent/Props/SM_Couch.uasset" 231
"D:/Epic Games/Projects/KandidatHorror/Content/StarterContent/Materials/M_Glass.uasset" 232
"D:/Epic Games/Projects/KandidatHorror/Content/StarterContent/Textures/T_Door_M.uasset" 233
"D:/Epic Games/Projects/KandidatHorror/Content/StarterContent/Textures/T_Door_N.uasset" 234
"D:/Epic Games/Projects/KandidatHorror/Content/StarterContent/Props/Materials/M_Door.uasset" 235
"D:/Epic Games/Projects/KandidatHorror/Content/StarterContent/Props/SM_Door.uasset" 236
"D:/Epic Games/Projects/KandidatHorror/Content/StarterContent/Props/Materials/M_MaterialSphere.uasset" 237
"D:/Epic Games/Projects/KandidatHorror/Content/StarterContent/Props/Materials/M_MaterialSphere_Plain.uasset" 238
"D:/Epic Games/Projects/KandidatHorror/Content/StarterContent/Props/SM_MatPreviewMesh_02.uasset" 239
"D:/Epic Games/Projects/KandidatHorror/Content/StarterContent/Textures/T_Detail_Rocky_N.uasset" 240
"D:/Epic Games/Projects/KandidatHorror/Content/StarterContent/Textures/T_Rock_Basalt_D.uasset" 241
"D:/Epic Games/Projects/KandidatHorror/Content/StarterContent/Textures/T_RockMesh_M.uasset" 242
"D:/Epic Games/Projects/KandidatHorror/Content/StarterContent/Textures/T_RockMesh_N.uasset" 243
"D:/Epic Games/Projects/KandidatHorror/Content/StarterContent/Props/Materials/M_Rock.uasset" 244
"D:/Epic Games/Projects/KandidatHorror/Content/StarterContent/Props/SM_Rock.uasset" 245
"D:/Epic Games/Projects/KandidatHorror/Content/StarterContent/Textures/T_Shelf_M.uasset" 246
"D:/Epic Games/Projects/KandidatHorror/Content/StarterContent/Textures/T_Shelf_N.uasset" 247
"D:/Epic Games/Projects/KandidatHorror/Content/StarterContent/Props/Materials/M_Shelf.uasset" 248
"D:/Epic Games/Projects/KandidatHorror/Content/StarterContent/Props/SM_Shelf.uasset" 249
"D:/Epic Games/Projects/KandidatHorror/Content/StarterContent/Materials/M_Basic_Floor.uasset" 250
"D:/Epic Games/Projects/KandidatHorror/Content/StarterContent/Props/SM_Stairs.uasset" 251
"D:/Epic Games/Projects/KandidatHorror/Content/StarterContent/Shapes/Shape_Cone.uasset" 252
"D:/Epic Games/Projects/KandidatHorror/Content/StarterContent/Shapes/Shape_Cylinder.uasset" 253
"D:/Epic Games/Projects/KandidatHorror/Content/StarterContent/Shapes/Shape_NarrowCapsule.uasset" 254
"D:/Epic Games/Projects/KandidatHorror/Content/StarterContent/Shapes/Shape_Pipe.uasset" 255
"D:/Epic Games/Projects/KandidatHorror/Content/StarterContent/Shapes/Shape_Pipe_180.uasset" 256
"D:/Epic Games/Projects/KandidatHorror/Content/StarterContent/Shapes/Shape_Pipe_90.uasset" 257
"D:/Epic Games/Projects/KandidatHorror/Content/StarterContent/Shapes/Shape_Plane.uasset" 258
"D:/Epic Games/Projects/KandidatHorror/Content/StarterContent/Shapes/Shape_Torus.uasset" 259
"D:/Epic Games/Projects/KandidatHorror/Content/StarterContent/Shapes/Shape_Trim.uasset" 260
"D:/Epic Games/Projects/KandidatHorror/Content/StarterContent/Shapes/Shape_Trim_90_In.uasset" 261
"D:/Epic Games/Projects/KandidatHorror/Content/StarterContent/Shapes/Shape_Trim_90_Out.uasset" 262
"D:/Epic Games/Projects/KandidatHorror/Content/StarterContent/Shapes/Shape_TriPyramid.uasset" 263
"D:/Epic Games/Projects/KandidatHorror/Content/StarterContent/Shapes/Shape_Tube.uasset" 264
"D:/Epic Games/Projects/KandidatHorror/Content/StarterContent/Shapes/Shape_Wedge_A.uasset" 265
"D:/Epic Games/Projects/KandidatHorror/Content/StarterContent/Shapes/Shape_Wedge_B.uasset" 266
"D:/Epic Games/Projects/KandidatHorror/Content/StarterContent/Shapes/Shape_WideCapsule.uasset" 267
"../../../Engine/Content/BasicShapes/Cone.uasset" 268
"../../../Engine/Content/BasicShapes/Cylinder.uasset" 269
"../../../Engine/Content/EditorLandscapeResources/DataLayer.uasset" 270
"../../../Engine/Content/EditorMaterials/GizmoMaterial.uasset" 271
"../../../Engine/Content/EditorMaterials/MAT_Groups_Toggle.uasset" 272
"../../../Engine/Content/EditorMaterials/MAT_Groups_Visibility.uasset" 273
"../../../Engine/Content/EditorMaterials/PreviewShadowIndicator.uasset" 274
"../../../Engine/Content/EditorMaterials/PreviewShadowIndicatorMaterial.uasset" 275
"../../../Engine/Content/EditorMaterials/MatineeGroups/MAT_ColorTrack.uasset" 276
"../../../Engine/Content/EditorMaterials/MatineeGroups/MAT_Groups_Anim.uasset" 277
"../../../Engine/Content/EditorMaterials/MatineeGroups/MAT_Groups_AudioMaster.uasset" 278
"../../../Engine/Content/EditorMaterials/MatineeGroups/MAT_Groups_Director.uasset" 279
"../../../Engine/Content/EditorMaterials/MatineeGroups/MAT_Groups_Event.uasset" 280
"../../../Engine/Content/EditorMaterials/MatineeGroups/MAT_Groups_Fade.uasset" 281
"../../../Engine/Content/EditorMaterials/MatineeGroups/MAT_Groups_Float.uasset" 282
"../../../Engine/Content/EditorMaterials/MatineeGroups/MAT_Groups_Move.uasset" 283
"../../../Engine/Content/EditorMaterials/MatineeGroups/MAT_Groups_Slomo.uasset" 284
"../../../Engine/Content/EditorMaterials/MatineeGroups/MAT_Groups_Sound.uasset" 285
"../../../Engine/Content/EditorMaterials/MatineeGroups/MAT_Groups_Vector.uasset" 286
"../../../Engine/Content/EditorMaterials/ParticleSystems/PSysThumbnail_NoImage.uasset" 287
"../../../Engine/Content/EditorMaterials/ParticleSystems/PSysThumbnail_OOD.uasset" 288
"../../../Engine/Content/EditorMaterials/Camera/CineMat.uasset" 289
"../../../Engine/Content/EditorMaterials/Camera/MI_CineMat_Rig.uasset" 290
"../../../Engine/Content/EditorMeshes/Camera/SM_CraneRig_Arm.uasset" 291
"../../../Engine/Content/EditorMeshes/Camera/SM_CraneRig_Base.uasset" 292
"../../../Engine/Content/EditorMeshes/Camera/SM_CraneRig_Body.uasset" 293
"../../../Engine/Content/EditorMeshes/Camera/SM_CraneRig_Mount.uasset" 294
"../../../Engine/Content/EditorMeshes/Camera/SM_RailRig_Mount.uasset" 295
"../../../Engine/Content/EditorMeshes/Camera/SM_RailRig_Track.uasset" 296
"../../../Engine/Content/EditorResources/BSPVertex.uasset" 297
"../../../Engine/Content/EditorResources/EmptyActor.uasset" 298
"../../../Engine/Content/EditorResources/S_Actor.uasset" 299
"../../../Engine/Content/EditorResources/S_Trigger.uasset" 300
"../../../Engine/Content/EditorResources/AudioIcons/S_AudioComponent.uasset" 301
"../../../Engine/Content/EditorResources/AudioIcons/S_AudioComponent_AutoActivate.uasset" 302
"../../../Engine/Content/EditorResources/LightIcons/S_LightError.uasset" 303
"../../../Engine/Content/EditorResources/SequenceRecorder/Countdown.uasset" 304
"../../../Engine/Content/EditorResources/SequenceRecorder/RecordingIndicator.uasset" 305
"../../../Engine/Content/EditorSounds/Notifications/CompileFailed.uasset" 306
"../../../Engine/Content/EditorSounds/Notifications/CompileFailed_Cue.uasset" 307
"../../../Engine/Content/EditorSounds/Notifications/CompileSuccess.uasset" 308
"../../../Engine/Content/EditorSounds/Notifications/CompileStart_Cue.uasset" 309
"../../../Engine/Content/EditorSounds/Notifications/CompileSuccess_Cue.uasset" 310
"../../../Engine/Content/EngineDamageTypes/DmgTypeBP_Environmental.uasset" 311
"../../../Engine/Content/EngineDebugMaterials/HeatmapGradient.uasset" 312
"../../../Engine/Content/EngineDebugMaterials/BoneWeightMaterial.uasset" 313
"../../../Engine/Content/EngineDebugMaterials/ClothMaterial.uasset" 314
"../../../Engine/Content/EngineDebugMaterials/ClothMaterial_WF.uasset" 315
"../../../Engine/Content/EngineDebugMaterials/DebugEditorMaterial.uasset" 316
"../../../Engine/Content/EngineDebugMaterials/DebugMeshMaterial.uasset" 317
"../../../Engine/Content/EngineDebugMaterials/GeomMaterial.uasset" 318
"../../../Engine/Content/EngineFonts/Faces/RobotoBold.uasset" 319
"../../../Engine/Content/EngineFonts/Faces/RobotoBoldItalic.uasset" 320
"../../../Engine/Content/EngineFonts/Faces/RobotoItalic.uasset" 321
"../../../Engine/Content/EngineFonts/Faces/RobotoLight.uasset" 322
"../../../Engine/Content/EngineFonts/Faces/RobotoRegular.uasset" 323
"../../../Engine/Content/EngineFonts/Roboto.uasset" 324
"../../../Engine/Content/EngineFonts/Faces/RobotoTiny.uasset" 325
"../../../Engine/Content/EngineFonts/RobotoTiny.uasset" 326
"../../../Engine/Content/EngineMaterials/DefaultBloomKernel.uasset" 327
"../../../Engine/Content/EngineMaterials/DefaultBokeh.uasset" 328
"../../../Engine/Content/EngineMaterials/DefaultDiffuse.uasset" 329
"../../../Engine/Content/EngineMaterials/DefaultDeferredDecalMaterial.uasset" 330
"../../../Engine/Content/EngineMaterials/DefaultLightFunctionMaterial.uasset" 331
"../../../Engine/Content/EngineMaterials/DefaultPhysicalMaterial.uasset" 332
"../../../Engine/Content/Functions/Engine_MaterialFunctions02/Utility/BreakOutFloat2Components.uasset" 333
"../../../Engine/Content/EngineMaterials/DefaultPostProcessMaterial.uasset" 334
"../../../Engine/Content/EngineFonts/RobotoDistanceField.uasset" 335
"../../../Engine/Content/EngineMaterials/DefaultTextMaterialOpaque.uasset" 336
"../../../Engine/Content/EngineMaterials/DefaultWhiteGrid.uasset" 337
"../../../Engine/Content/EngineMaterials/EditorBrushMaterial.uasset" 338
"../../../Engine/Content/EngineMaterials/MiniFont.uasset" 339
"../../../Engine/Content/EngineMaterials/InvalidLightmapSettings.uasset" 340
"../../../Engine/Content/EngineMaterials/M_InvalidLightmapSettings.uasset" 341
"../../../Engine/Content/Functions/Engine_MaterialFunctions02/WorldPositionOffset/CameraOffset.uasset" 342
"../../../Engine/Content/EngineMaterials/PhAT_JointLimitMaterial.uasset" 343
"../../../Engine/Content/EngineMaterials/PreintegratedSkinBRDF.uasset" 344
"../../../Engine/Content/EngineMaterials/RemoveSurfaceMaterial.uasset" 345
"../../../Engine/Content/EngineMaterials/WeightMapPlaceholderTexture.uasset" 346
"../../../Engine/Content/EngineResources/WhiteSquareTexture.uasset" 347
"../../../Engine/Content/EngineMaterials/Widget3DPassThrough.uasset" 348
"../../../Engine/Content/EngineMaterials/Widget3DPassThrough_Masked.uasset" 349
"../../../Engine/Content/EngineMaterials/Widget3DPassThrough_Opaque.uasset" 350
"../../../Engine/Content/EngineMaterials/Widget3DPassThrough_Masked_OneSided.uasset" 351
"../../../Engine/Content/EngineMaterials/Widget3DPassThrough_Opaque_OneSided.uasset" 352
"../../../Engine/Content/EngineMaterials/Widget3DPassThrough_Translucent.uasset" 353
"../../../Engine/Content/EngineMaterials/Widget3DPassThrough_Translucent_OneSided.uasset" 354
"../../../Engine/Content/EngineMeshes/Cube.uasset" 355
"../../../Engine/Content/EngineMeshes/Cylinder.uasset" 356
"../../../Engine/Content/EngineMeshes/Sphere.uasset" 357
"../../../Engine/Content/EngineResources/Black.uasset" 358
"../../../Engine/Content/EngineResources/DefaultTexture.uasset" 359
"../../../Engine/Content/EngineResources/DefaultTextureCube.uasset" 360
"../../../Engine/Content/EngineResources/GradientTexture0.uasset" 361
"../../../Engine/Content/EngineSounds/Master.uasset" 362
"../../../Engine/Content/Functions/Engine_MaterialFunctions01/Shading/ConvertFromDiffSpec.uasset" 363
"../../../Engine/Content/Functions/Engine_MaterialFunctions01/Shading/PowerToRoughness.uasset" 364
"../../../Engine/Content/Maps/Templates/Thumbnails/Default.uasset" 365
"../../../Engine/Content/Maps/Templates/Thumbnails/VR-Basic.uasset" 366
"../../../Engine/Content/MobileResources/T_MobileControls_texture.uasset" 367
"../../../Engine/Content/MobileResources/T_MobileMenu2.uasset" 368
"../../../Engine/Content/MobileResources/HUD/AnalogHat.uasset" 369
"../../../Engine/Content/MobileResources/HUD/VirtualJoystick_Background.uasset" 370
"../../../Engine/Content/MobileResources/HUD/VirtualJoystick_Thumb.uasset" 371
"../../../Engine/Content/MobileResources/HUD/DefaultVirtualJoysticks.uasset" 372
"../../../Engine/Content/MobileResources/HUD/LeftVirtualJoystickOnly.uasset" 373
"../../../Engine/Content/MobileResources/HUD/MobileHUDButton1_off.uasset" 374
"../../../Engine/Content/MobileResources/HUD/MobileHUDButton1_on.uasset" 375
"../../../Engine/Content/MobileResources/HUD/MobileHUDButton2_off.uasset" 376
"../../../Engine/Content/MobileResources/HUD/MobileHUDButton2_on.uasset" 377
"../../../Engine/Content/MobileResources/HUD/MobileHUDButton3.uasset" 378
"../../../Engine/Content/MobileResources/HUD/MobileHUDButtonFire.uasset" 379
"../../../Engine/Content/MobileResources/HUD/MobileHUDDirectionPad.uasset" 380
"../../../Engine/Content/MobileResources/HUD/MobileHUDDirectionPad2.uasset" 381
"../../../Engine/Content/MobileResources/HUD/MobileHUDDirectionPad3.uasset" 382
"../../../Engine/Content/MobileResources/HUD/MobileHUDDirectionStick.uasset" 383
"../../../Engine/Content/MobileResources/HUD/T_Castle_ThumbstickInner.uasset" 384
"../../../Engine/Content/MobileResources/HUD/T_Castle_ThumbstickOutter.uasset" 385
"../../../Engine/Content/Tutorial/ContentIntroCurve.uasset" 386
"../../../Engine/Content/Tutorial/Basics/TutorialAssets/icon_tab_Levels_40x.uasset" 387
"../../../Engine/Content/Tutorial/BlueprintTutorials/TutorialAssets/BlueprintInterface_64x.uasset" 388
"../../../Engine/Content/Tutorial/BlueprintTutorials/TutorialAssets/BlueprintMacroLibrary_64x.uasset" 389
"../../../Engine/Content/Tutorial/BlueprintTutorials/TutorialAssets/Blueprint_64x.uasset" 390
"../../../Engine/Content/Tutorial/BlueprintTutorials/TutorialAssets/Tutorial_BP_Interface.uasset" 391
"../../../Engine/Content/Tutorial/Foliage/TutorialAssets/Foliage.uasset" 392
"../../../Engine/Content/Tutorial/Landscape/TutorialAssets/Landscape.uasset" 393
"../../../Engine/Content/Tutorial/Paper2D/TutorialAssets/Paper2DFlipbook_TutorialIcon.uasset" 394
"../../../Engine/Content/Tutorial/Paper2D/TutorialAssets/Paper2DSprite_TutorialIcon.uasset" 395
"../../../Engine/Content/Tutorial/SubEditors/TutorialAssets/icon_Editor_Preferences_General_40x.uasset" 396
"../../../Engine/Content/Tutorial/SubEditors/TutorialAssets/icon_ShowSkeletalMeshes_40x.uasset" 397
"../../../Engine/Content/Tutorial/SubEditors/TutorialAssets/TutorialMaterial.uasset" 398
"../../../Engine/Content/Tutorial/SubEditors/TutorialAssets/T_SmokeSubUV_8X8.uasset" 399
"../../../Engine/Content/Tutorial/SubEditors/TutorialAssets/T_soft_smoke.uasset" 400
"../../../Engine/Content/Tutorial/SubEditors/TutorialAssets/M_smoke_subUV_blackbody.uasset" 401
"../../../Engine/Content/Tutorial/SubEditors/TutorialAssets/TutorialParticleSystem.uasset" 402
"../../../Engine/Content/VREditor/Devices/Generic/GenericHMDMaterial.uasset" 403
"../../../Engine/Content/VREditor/Devices/Generic/GenericHMD.uasset" 404
"../../../Engine/Content/Functions/Engine_MaterialFunctions02/Utility/BreakOutFloat3Components.uasset" 405
"../../../Engine/Content/VREditor/Devices/Vive/VivePreController_MasksB.uasset" 406
"../../../Engine/Content/VREditor/Devices/Oculus/OculusControllerMaterial.uasset" 407
"../../../Engine/Content/VREditor/Devices/Oculus/OculusControllerMaterial_Inst.uasset" 408
"../../../Engine/Content/VREditor/Devices/Oculus/OculusControllerMesh.uasset" 409
"../../../Engine/Content/VREditor/Devices/Vive/T_VivePreController_EM.uasset" 410
"../../../Engine/Content/VREditor/Devices/Vive/VivePreController_MasksA.uasset" 411
"../../../Engine/Content/VREditor/Devices/Vive/VivePreControllerDiffuse.uasset" 412
"../../../Engine/Content/VREditor/Devices/Vive/VivePreControllerSpec.uasset" 413
"../../../Engine/Content/VREditor/LaserPointer/VR_LaserPower_01.uasset" 414
"../../../Engine/Content/VREditor/Devices/Vive/VivePreControllerMaterial.uasset" 415
"../../../Engine/Content/VREditor/Devices/Vive/VivePreControllerMaterial_Inst.uasset" 416
"../../../Engine/Content/VREditor/Devices/Vive/VivePreControllerMesh.uasset" 417
"../../../Engine/Content/VREditor/FloatingText/LineMaterial.uasset" 418
"../../../Engine/Content/VREditor/FloatingText/JointSphere.uasset" 419
"../../../Engine/Content/VREditor/FloatingText/LineSegmentCylinder.uasset" 420
"../../../Engine/Content/VREditor/Fonts/VRText_RobotoLarge.uasset" 421
"../../../Engine/Content/VREditor/Fonts/VRTextMaterial.uasset" 422
"../../../Engine/Content/VREditor/Fonts/TranslucentVRTextMaterial.uasset" 423
"../../../Engine/Content/EngineMaterials/WorldGridMaterial.uasset" 424
"../../../Engine/Content/VREditor/LaserPointer/CursorPointer.uasset" 425
"../../../Engine/Content/VREditor/TransformGizmo/TransformGizmoMaterial.uasset" 426
"../../../Engine/Content/VREditor/LaserPointer/HoverMaterial.uasset" 427
"../../../Engine/Content/VREditor/TransformGizmo/TranslucentTransformGizmoMaterial.uasset" 428
"../../../Engine/Content/VREditor/LaserPointer/TranslucentHoverMaterial.uasset" 429
"../../../Engine/Content/VREditor/LaserPointer/HoverMesh.uasset" 430
"../../../Engine/Content/VREditor/LaserPointer/LaserPointerMaterial.uasset" 431
"../../../Engine/Content/VREditor/LaserPointer/LaserPointerMaterialInst.uasset" 432
"../../../Engine/Content/VREditor/LaserPointer/TranslucentLaserPointerMaterialInst.uasset" 433
"../../../Engine/Content/VREditor/LaserPointer/LaserPointerMesh.uasset" 434
"../../../Engine/Content/VREditor/LaserPointer/LaserPointerMesh_End.uasset" 435
"../../../Engine/Content/VREditor/LaserPointer/LaserPointerMesh_Start.uasset" 436
"../../../Engine/Content/VREditor/Sounds/VR_teleport.uasset" 437
"../../../Engine/Content/VREditor/Sounds/UI/Click_on_Button.uasset" 438
"../../../Engine/Content/VREditor/Sounds/UI/Click_on_Button_Cue.uasset" 439
"../../../Engine/Content/VREditor/Sounds/UI/Dockable_Window_Close.uasset" 440
"../../../Engine/Content/VREditor/Sounds/UI/Dockable_Window_Drop.uasset" 441
"../../../Engine/Content/VREditor/Sounds/UI/Dockable_Window_Open.uasset" 442
"../../../Engine/Content/VREditor/Sounds/UI/Dockable_Window_Pick_Up.uasset" 443
"../../../Engine/Content/VREditor/Sounds/UI/Drop_Item_From_ContentBrowser.uasset" 444
"../../../Engine/Content/VREditor/Sounds/UI/Floating_UI_Open-001.uasset" 445
"../../../Engine/Content/VREditor/Sounds/UI/Radial_Menu_FadeOut.uasset" 446
"../../../Engine/Content/VREditor/Sounds/UI/Teleport_Mode_Entered.uasset" 447
"../../../Engine/Content/VREditor/Teleport/TeleportDirectionMaterial.uasset" 448
"../../../Engine/Content/VREditor/Teleport/TeleportDirectionMaterial_Inst.uasset" 449
"../../../Engine/Content/VREditor/Teleport/TeleportDirectionMesh.uasset" 450
"../../../Engine/Content/VREditor/TransformGizmo/BoundingBoxCorner.uasset" 451
"../../../Engine/Content/VREditor/TransformGizmo/BoundingBoxEdge.uasset" 452
"../../../Engine/Content/VREditor/TransformGizmo/PlaneTranslationHandle.uasset" 453
"../../../Engine/Content/VREditor/TransformGizmo/Main.uasset" 454
"../../../Engine/Content/VREditor/TransformGizmo/Xray.uasset" 455
"../../../Engine/Content/VREditor/TransformGizmo/SM_Dialog_Close.uasset" 456
"../../../Engine/Content/VREditor/TransformGizmo/SM_Dialog_Move.uasset" 457
"../../../Engine/Content/VREditor/TransformGizmo/SM_Sequencer_Key.uasset" 458
"../../../Engine/Content/VREditor/TransformGizmo/SM_Sequencer_Node.uasset" 459
"../../../Engine/Content/VREditor/TransformGizmo/TransformGizmoMaterial_Inst.uasset" 460
"../../../Engine/Content/VREditor/TransformGizmo/TranslucentTransformGizmoMaterial_Inst.uasset" 461
"../../../Engine/Content/VREditor/Devices/Vive/UE4_Logo.uasset" 462
"../../../Engine/Content/VREditor/UI/M_ContentWindow.uasset" 463
"../../../Engine/Content/VREditor/UI/SM_ContentWindow_01.uasset" 464
"../../../Engine/Content/VREditor/UI/KeyDiskMaterial.uasset" 465
"../../../Engine/Content/VREditor/UI/DiscMaterial.uasset" 466
"../../../Engine/Content/VREditor/UI/SM_Radial_Disk.uasset" 467
"../../../Engine/Content/VREditor/UI/ArrowMaterial.uasset" 468
"../../../Engine/Content/VREditor/UI/SM_Radial_Pointer.uasset" 469
"../../../Engine/Content/VREditor/WorldMovementGrid/SimpleGrid.uasset" 470
"../../../Engine/Content/VREditor/WorldMovementGrid/GridMaterial.uasset" 471
"../../../Engine/Content/Functions/Engine_MaterialFunctions01/Density/ExponentialDensity.uasset" 472
"../../../Engine/Content/VREditor/WorldMovementGrid/GridPostProcess.uasset" 473
"../../../Engine/Content/EditorLandscapeResources/FlattenHeightMat.uasset" 474
"../../../Engine/Content/VREditor/WorldMovementGrid/PlaneMesh.uasset" 475
"../../Plugins/2D/Paper2D/Content/PlaceholderTextures/DummySpriteTexture.uasset" 476
"../../Plugins/2D/Paper2D/Content/DummySprite.uasset" 477
"../../Plugins/2D/Paper2D/Content/DefaultPaperTerrainMaterial.uasset" 478
"../../Plugins/2D/Paper2D/Content/DefaultSpriteMaterial.uasset" 479
"../../Plugins/2D/Paper2D/Content/MaskedUnlitSpriteMaterial.uasset" 480
"../../Plugins/2D/Paper2D/Content/OpaqueUnlitSpriteMaterial.uasset" 481
"../../Plugins/Media/MediaCompositing/Content/DefaultMediaPlaneTexture.uasset" 482
"../../Plugins/Media/MediaCompositing/Content/DefaultMediaPlaneMaterial.uasset" 483
"../../../Engine/Content/Functions/Engine_MaterialFunctions02/Utility/MakeFloat4.uasset" 484
"../../Plugins/Runtime/AppleARKit/Content/ARKitCameraMaterial.uasset" 485
"../../Plugins/Runtime/Oculus/OculusVR/Content/Textures/GearVRController_AO.uasset" 486
"../../Plugins/Runtime/Oculus/OculusVR/Content/Textures/GearVRController_Color.uasset" 487
"../../Plugins/Runtime/Oculus/OculusVR/Content/Textures/GearVRController_Normal.uasset" 488
"../../Plugins/Runtime/Oculus/OculusVR/Content/Materials/GearVRControllerMaterial.uasset" 489
"../../Plugins/Runtime/Oculus/OculusVR/Content/Meshes/GearVrController.uasset" 490
"../../../Engine/Content/EngineSky/C_Sky_Cloud_Color.uasset" 491
"../../../Engine/Content/EngineSky/C_Sky_Horizon_Color.uasset" 492
"../../../Engine/Content/EngineSky/C_Sky_Zenith_Color.uasset" 493
"../../../Engine/Content/EngineSky/T_Sky_Blue.uasset" 494
"../../../Engine/Content/EngineSky/T_Sky_Clouds_M.uasset" 495
"../../../Engine/Content/EngineSky/T_Sky_Stars.uasset" 496
"../../../Engine/Content/EngineSky/M_Sky_Panning_Clouds2.uasset" 497
"../../../Engine/Content/EngineSky/SM_SkySphere.uasset" 498
"../../../Engine/Content/EngineSky/BP_Sky_Sphere.uasset" 499
"../../../Engine/Content/MapTemplates/SM_Template_Map_Floor.uasset" 500
"D:/Epic Games/Projects/KandidatHorror/Content/Emil.umap" 501
"D:/Epic Games/Projects/KandidatHorror/Content/Blueprints/InteractInterface.uasset" 502
"D:/Epic Games/Projects/KandidatHorror/Content/Assets/Door/Door1_albedo.uasset" 503
"D:/Epic Games/Projects/KandidatHorror/Content/Assets/Door/Door1_normal.uasset" 504
"D:/Epic Games/Projects/KandidatHorror/Content/Assets/Door/Door1_reflection.uasset" 505
"D:/Epic Games/Projects/KandidatHorror/Content/Assets/Door/Door_material.uasset" 506
"D:/Epic Games/Projects/KandidatHorror/Content/Assets/Door/Door_Door.uasset" 507
"D:/Epic Games/Projects/KandidatHorror/Content/Assets/Door/Door_Door_knob.uasset" 508
"D:/Epic Games/Projects/KandidatHorror/Content/Sounds/WAV/DoorCreakShut.uasset" 509
"D:/Epic Games/Projects/KandidatHorror/Content/Sounds/DoorCreaksClosing.uasset" 510
"D:/Epic Games/Projects/KandidatHorror/Content/Sounds/WAV/DoorCreak1.uasset" 511
"D:/Epic Games/Projects/KandidatHorror/Content/Sounds/WAV/DoorCreak2.uasset" 512
"D:/Epic Games/Projects/KandidatHorror/Content/Sounds/DoorCreaksOpen.uasset" 513
"D:/Epic Games/Projects/KandidatHorror/Content/Sounds/WAV/DoorClose.uasset" 514
"D:/Epic Games/Projects/KandidatHorror/Content/Sounds/WAV/DoorOpen.uasset" 515
"D:/Epic Games/Projects/KandidatHorror/Content/Blueprints/Door_BP.uasset" 516
"D:/Epic Games/Projects/KandidatHorror/Content/Assets/Fancy_light/Fancy_lamp_albedo.uasset" 517
"D:/Epic Games/Projects/KandidatHorror/Content/Assets/Fancy_light/Fancy_lamp_normal.uasset" 518
"D:/Epic Games/Projects/KandidatHorror/Content/Assets/Fancy_light/Fancy_lamp_reflection.uasset" 519
"D:/Epic Games/Projects/KandidatHorror/Content/Assets/Fancy_light/Fancy_lamp_translucency.uasset" 520
"D:/Epic Games/Projects/KandidatHorror/Content/Assets/Fancy_light/Fancy_lamp_material.uasset" 521
"D:/Epic Games/Projects/KandidatHorror/Content/Assets/Fancy_light/Fancy_light_Fancy_lamp_polySurface153.uasset" 522
"../../../Engine/Content/Functions/Engine_MaterialFunctions02/Texturing/ScreenAlignedPixelToPixelUVs.uasset" 523
"../../../Engine/Content/EngineMaterials/Good64x64TilingNoiseHighFreq.uasset" 524
"../../../Engine/Content/Functions/Engine_MaterialFunctions02/Utility/DitherTemporalAA.uasset" 525
"D:/Epic Games/Projects/KandidatHorror/Content/Assets/Fancy_light/Fancy_lamp_emissive.uasset" 526
"D:/Epic Games/Projects/KandidatHorror/Content/Assets/Fancy_light/Lights_material.uasset" 527
"D:/Epic Games/Projects/KandidatHorror/Content/Assets/Fancy_light/Fancy_light_Lights.uasset" 528
"D:/Epic Games/Projects/KandidatHorror/Content/Sounds/LightBuzz.uasset" 529
"D:/Epic Games/Projects/KandidatHorror/Content/Blueprints/RoofLamp_BP.uasset" 530
"D:/Epic Games/Projects/KandidatHorror/Content/Assets/Saker/Wall_lamp/Base_albedo.uasset" 531
"D:/Epic Games/Projects/KandidatHorror/Content/Assets/Saker/Wall_lamp/Base_normal.uasset" 532
"D:/Epic Games/Projects/KandidatHorror/Content/Assets/Saker/Wall_lamp/Base_reflection.uasset" 533
"D:/Epic Games/Projects/KandidatHorror/Content/Assets/Saker/Wall_lamp/BaseMat.uasset" 534
"D:/Epic Games/Projects/KandidatHorror/Content/Assets/Saker/Wall_lamp/Wall_lamp_Base.uasset" 535
"D:/Epic Games/Projects/KandidatHorror/Content/Assets/Saker/Wall_lamp/Lamp_albedo.uasset" 536
"D:/Epic Games/Projects/KandidatHorror/Content/Assets/Saker/Wall_lamp/Lamp_emissive.uasset" 537
"D:/Epic Games/Projects/KandidatHorror/Content/Assets/Saker/Wall_lamp/Lamp_normal.uasset" 538
"D:/Epic Games/Projects/KandidatHorror/Content/Assets/Saker/Wall_lamp/Lamp_reflection.uasset" 539
"D:/Epic Games/Projects/KandidatHorror/Content/Assets/Saker/Wall_lamp/LampMat.uasset" 540
"D:/Epic Games/Projects/KandidatHorror/Content/Assets/Saker/Wall_lamp/Wall_lamp_Lamp.uasset" 541
"D:/Epic Games/Projects/KandidatHorror/Content/Blueprints/WallLamp.uasset" 542
"D:/Epic Games/Projects/KandidatHorror/Content/Sounds/ExplodingLightbulb.uasset" 543
"D:/Epic Games/Projects/KandidatHorror/Content/Blueprints/WallLamp2_Blueprint.uasset" 544
"D:/Epic Games/Projects/KandidatHorror/Content/StarterContent/FirstPerson/Animations/FirstPerson_Fire.uasset" 545
"D:/Epic Games/Projects/KandidatHorror/Content/StarterContent/FirstPerson/Animations/FirstPersonFire_Montage.uasset" 546
"D:/Epic Games/Projects/KandidatHorror/Content/Glass.uasset" 547
"D:/Epic Games/Projects/KandidatHorror/Content/Materials/Glass.uasset" 548
"../../../Engine/Content/BasicShapes/Plane.uasset" 549
"D:/Epic Games/Projects/KandidatHorror/Content/Blueprints/Glass.uasset" 550
"D:/Epic Games/Projects/KandidatHorror/Content/Blueprints/ThunderLightning.uasset" 551
"../../../Engine/Content/BasicShapes/BasicShapeMaterial.uasset" 552
"../../../Engine/Content/BasicShapes/Cube.uasset" 553
"D:/Epic Games/Projects/KandidatHorror/Content/Blueprints/ToggleLights.uasset" 554
"D:/Epic Games/Projects/KandidatHorror/Content/StarterContent/FirstPerson/Meshes/BaseMaterial.uasset" 555
"D:/Epic Games/Projects/KandidatHorror/Content/StarterContent/FirstPerson/Meshes/FirstPersonProjectileMaterial.uasset" 556
"D:/Epic Games/Projects/KandidatHorror/Content/StarterContent/FirstPerson/Meshes/FirstPersonProjectileMesh.uasset" 557
"D:/Epic Games/Projects/KandidatHorror/Content/StarterContent/FirstPersonBP/Blueprints/FirstPersonProjectile.uasset" 558
"D:/Epic Games/Projects/KandidatHorror/Content/InteractText.uasset" 559
"D:/Epic Games/Projects/KandidatHorror/Content/Materials/IES_FlashLight.uasset" 560
"D:/Epic Games/Projects/KandidatHorror/Content/Sounds/FlashlightOFF.uasset" 561
"D:/Epic Games/Projects/KandidatHorror/Content/Sounds/FlashlightON.uasset" 562
"D:/Epic Games/Projects/KandidatHorror/Content/Sounds/Footstep1.uasset" 563
"D:/Epic Games/Projects/KandidatHorror/Content/Sounds/Footstep2.uasset" 564
"D:/Epic Games/Projects/KandidatHorror/Content/Sounds/Footstep3.uasset" 565
"D:/Epic Games/Projects/KandidatHorror/Content/Sounds/CarpetStep1.uasset" 566
"D:/Epic Games/Projects/KandidatHorror/Content/Sounds/CarpetStep2.uasset" 567
"D:/Epic Games/Projects/KandidatHorror/Content/Sounds/CarpetStep3.uasset" 568
"D:/Epic Games/Projects/KandidatHorror/Content/Sounds/FootstepsCarpet.uasset" 569
"D:/Epic Games/Projects/KandidatHorror/Content/Sounds/GlassCrack1.uasset" 570
"D:/Epic Games/Projects/KandidatHorror/Content/Sounds/GlassCrack2.uasset" 571
"D:/Epic Games/Projects/KandidatHorror/Content/Sounds/GlassCrack3.uasset" 572
"D:/Epic Games/Projects/KandidatHorror/Content/Sounds/FootstepsGlass.uasset" 573
"D:/Epic Games/Projects/KandidatHorror/Content/Sounds/TileStep1.uasset" 574
"D:/Epic Games/Projects/KandidatHorror/Content/Sounds/TileStep2.uasset" 575
"D:/Epic Games/Projects/KandidatHorror/Content/Sounds/FootstepsTiles.uasset" 576
"D:/Epic Games/Projects/KandidatHorror/Content/Sounds/FootstepsWood.uasset" 577
"D:/Epic Games/Projects/KandidatHorror/Content/StarterContent/FirstPerson/Audio/FirstPersonTemplateWeaponFire02.uasset" 578
"D:/Epic Games/Projects/KandidatHorror/Content/StarterContent/FirstPersonBP/Blueprints/FirstPersonCharacter.uasset" 579
"../../../Engine/Content/Functions/Engine_MaterialFunctions02/Utility/Sign.uasset" 580
"../../../Engine/Content/Functions/Engine_MaterialFunctions02/Utility/Round.uasset" 581
"../../../Engine/Content/Functions/Engine_MaterialFunctions02/ExampleContent/Textures/flipbook.uasset" 582
"../../../Engine/Content/Functions/Engine_MaterialFunctions02/Texturing/FlipBook.uasset" 583
"D:/Epic Games/Projects/KandidatHorror/Content/Assets/Saker_igen/Water_puddle/Water_drips_sprite.uasset" 584
"D:/Epic Games/Projects/KandidatHorror/Content/Assets/Saker_igen/Water_puddle/Water_drips_sprite_normal.uasset" 585
"D:/Epic Games/Projects/KandidatHorror/Content/Assets/Saker_igen/Water_puddle/Water_puddle_Puddle_BaseColor.uasset" 586
"D:/Epic Games/Projects/KandidatHorror/Content/Assets/Saker_igen/Water_puddle/Water_puddle_Puddle_Normal.uasset" 587
"D:/Epic Games/Projects/KandidatHorror/Content/Assets/Saker_igen/Water_puddle/Water_puddle_Puddle_OcclusionRoughnessMetallic.uasset" 588
"D:/Epic Games/Projects/KandidatHorror/Content/Assets/Saker_igen/Water_puddle/Water_pudle_material.uasset" 589
"D:/Epic Games/Projects/KandidatHorror/Content/Assets/Saker_igen/Water_puddle/Water_puddle.uasset" 590
"D:/Epic Games/Projects/KandidatHorror/Content/Blueprints/PuddleTeleporter.uasset" 591
"D:/Epic Games/Projects/KandidatHorror/Content/Assets/Saker_igen/Sink/Sink_albedo.uasset" 592
"D:/Epic Games/Projects/KandidatHorror/Content/Assets/Saker_igen/Sink/Sink_normal.uasset" 593
"D:/Epic Games/Projects/KandidatHorror/Content/Assets/Saker_igen/Sink/Sink_reflection.uasset" 594
"D:/Epic Games/Projects/KandidatHorror/Content/Assets/Saker_igen/Sink/polySurface27Mat.uasset" 595
"D:/Epic Games/Projects/KandidatHorror/Content/Assets/Saker_igen/Sink/Sink_Sink_Left_handle.uasset" 596
"D:/Epic Games/Projects/KandidatHorror/Content/Assets/Saker_igen/Sink/Sink_Sink_Right_handle.uasset" 597
"D:/Epic Games/Projects/KandidatHorror/Content/Assets/Saker_igen/Sink/Sink_Sink_Sink.uasset" 598
"D:/Epic Games/Projects/KandidatHorror/Content/Blueprints/SinkEvent.uasset" 599
"D:/Epic Games/Projects/KandidatHorror/Content/Blueprints/FadeTrigger.uasset" 600
"D:/Epic Games/Projects/KandidatHorror/Content/Assets/Saker/Bathroom_floor_roof/Bathroom_floor_albedo.uasset" 601
"D:/Epic Games/Projects/KandidatHorror/Content/Assets/Saker/Bathroom_floor_roof/Bathroom_floor_normal.uasset" 602
"D:/Epic Games/Projects/KandidatHorror/Content/Assets/Saker/Bathroom_floor_roof/Bathroom_floor_reflection.uasset" 603
"D:/Epic Games/Projects/KandidatHorror/Content/Tiles.uasset" 604
"D:/Epic Games/Projects/KandidatHorror/Content/Assets/Saker/Bathroom_floor_roof/Bathroom_floorMat.uasset" 605
"D:/Epic Games/Projects/KandidatHorror/Content/Blueprints/PaintingsLight.uasset" 606
"D:/Epic Games/Projects/KandidatHorror/Content/Blueprints/Pillar_BP.uasset" 607
"D:/Epic Games/Projects/KandidatHorror/Content/Assets/Saker_igen/Round_lamp/Round_lamp_albedo.uasset" 608
"D:/Epic Games/Projects/KandidatHorror/Content/Assets/Saker_igen/Round_lamp/Round_lamp_emissive.uasset" 609
"D:/Epic Games/Projects/KandidatHorror/Content/Assets/Saker_igen/Round_lamp/Round_lamp_normal.uasset" 610
"D:/Epic Games/Projects/KandidatHorror/Content/Assets/Saker_igen/Round_lamp/Round_lamp_reflection.uasset" 611
"D:/Epic Games/Projects/KandidatHorror/Content/Assets/Saker_igen/Round_lamp/Round_lampMat.uasset" 612
"D:/Epic Games/Projects/KandidatHorror/Content/Assets/Saker_igen/Round_lamp/Round_lamp.uasset" 613
"D:/Epic Games/Projects/KandidatHorror/Content/Blueprints/Round_lamp_Blueprint.uasset" 614
"D:/Epic Games/Projects/KandidatHorror/Content/Assets/Saker_igen/Toilet/Lid_handle_albedo.uasset" 615
"D:/Epic Games/Projects/KandidatHorror/Content/Assets/Saker_igen/Toilet/Lid_handle_normal.uasset" 616
"D:/Epic Games/Projects/KandidatHorror/Content/Assets/Saker_igen/Toilet/Lid_handle_reflection.uasset" 617
"D:/Epic Games/Projects/KandidatHorror/Content/Assets/Saker_igen/Toilet/Toilet_lid_ring_handle_material.uasset" 618
"D:/Epic Games/Projects/KandidatHorror/Content/Assets/Saker_igen/Toilet/Handle.uasset" 619
"D:/Epic Games/Projects/KandidatHorror/Content/Assets/Saker_igen/Toilet/Toilet_albedo.uasset" 620
"D:/Epic Games/Projects/KandidatHorror/Content/Assets/Saker_igen/Toilet/Toilet_normal.uasset" 621
"D:/Epic Games/Projects/KandidatHorror/Content/Assets/Saker_igen/Toilet/Toilet_reflection.uasset" 622
"D:/Epic Games/Projects/KandidatHorror/Content/Assets/Saker_igen/Toilet/Toilet_material.uasset" 623
"D:/Epic Games/Projects/KandidatHorror/Content/Assets/Saker_igen/Toilet/Toilet.uasset" 624
"D:/Epic Games/Projects/KandidatHorror/Content/Assets/Saker_igen/Toilet/Toilet_Lid.uasset" 625
"D:/Epic Games/Projects/KandidatHorror/Content/Assets/Saker_igen/Toilet/Toilet_ring.uasset" 626
"D:/Epic Games/Projects/KandidatHorror/Content/Blueprints/Toilet.uasset" 627
"D:/Epic Games/Projects/KandidatHorror/Content/Blueprints/Wall_BP.uasset" 628
"D:/Epic Games/Projects/KandidatHorror/Content/StarterContent/FirstPerson/Textures/Crosshair.uasset" 629
"D:/Epic Games/Projects/KandidatHorror/Content/StarterContent/FirstPersonBP/Blueprints/FirstPersonHUD.uasset" 630
"D:/Epic Games/Projects/KandidatHorror/Content/StarterContent/FirstPersonBP/Blueprints/FirstPersonGameMode.uasset" 631
"D:/Epic Games/Projects/KandidatHorror/Content/Main_BuiltData.uasset" 632
"D:/Epic Games/Projects/KandidatHorror/Content/Assets/Floor_roof/BaseMaterial_metallic.uasset" 633
"D:/Epic Games/Projects/KandidatHorror/Content/Assets/Floor_roof/BaseMaterial_normal.uasset" 634
"D:/Epic Games/Projects/KandidatHorror/Content/Assets/Floor_roof/BaseMaterial_roughness.uasset" 635
"D:/Epic Games/Projects/KandidatHorror/Content/Assets/Floor_roof/Floor.uasset" 636
"D:/Epic Games/Projects/KandidatHorror/Content/Wood.uasset" 637
"D:/Epic Games/Projects/KandidatHorror/Content/Assets/Floor_roof/Floor_material.uasset" 638
"D:/Epic Games/Projects/KandidatHorror/Content/Assets/Floor_roof/Roof.uasset" 639
"D:/Epic Games/Projects/KandidatHorror/Content/Assets/Floor_roof/Roof_material.uasset" 640
"D:/Epic Games/Projects/KandidatHorror/Content/Assets/lasdlalsda/Carpets/Carpet_big/Carpet_alpha.uasset" 641
"D:/Epic Games/Projects/KandidatHorror/Content/Assets/lasdlalsda/Carpets/Carpet_big/Carpet_Carpet_big_BaseColor.uasset" 642
"D:/Epic Games/Projects/KandidatHorror/Content/Assets/lasdlalsda/Carpets/Carpet_big/Carpet_Carpet_big_Normal.uasset" 643
"D:/Epic Games/Projects/KandidatHorror/Content/Assets/lasdlalsda/Carpets/Carpet_big/Carpet_Carpet_big_OcclusionRoughnessMetallic.uasset" 644
"D:/Epic Games/Projects/KandidatHorror/Content/Carpet.uasset" 645
"D:/Epic Games/Projects/KandidatHorror/Content/Assets/lasdlalsda/Carpets/Carpet_big/Carpet_material_2.uasset" 646
"D:/Epic Games/Projects/KandidatHorror/Content/Assets/lasdlalsda/Sofa/Sofa_green_albedo.uasset" 647
"D:/Epic Games/Projects/KandidatHorror/Content/Assets/lasdlalsda/Sofa/Sofa_green_material.uasset" 648
"D:/Epic Games/Projects/KandidatHorror/Content/Assets/Saker/Bathroom_floor_roof/Bathroom_roof_albedo.uasset" 649
"D:/Epic Games/Projects/KandidatHorror/Content/Assets/Saker/Bathroom_floor_roof/Bathroom_roof_normal.uasset" 650
"D:/Epic Games/Projects/KandidatHorror/Content/Assets/Saker/Bathroom_floor_roof/Bathroom_roof_reflection.uasset" 651
"D:/Epic Games/Projects/KandidatHorror/Content/Assets/Saker/Bathroom_floor_roof/Bathroom_roofMat.uasset" 652
"D:/Epic Games/Projects/KandidatHorror/Content/Materials/Black.uasset" 653
"D:/Epic Games/Projects/KandidatHorror/Content/Materials/PlaneMat.uasset" 654
"D:/Epic Games/Projects/KandidatHorror/Content/Materials/Red.uasset" 655
"D:/Epic Games/Projects/KandidatHorror/Content/Assets/Ceiling_panel/Ceiling_panel1_albedo.uasset" 656
"D:/Epic Games/Projects/KandidatHorror/Content/Assets/Ceiling_panel/Ceiling_panel1_normal.uasset" 657
"D:/Epic Games/Projects/KandidatHorror/Content/Assets/Ceiling_panel/Ceiling_panel1_reflection.uasset" 658
"D:/Epic Games/Projects/KandidatHorror/Content/Assets/Ceiling_panel/Ceiling_panel_material.uasset" 659
"D:/Epic Games/Projects/KandidatHorror/Content/Assets/Ceiling_panel/Ceiling_panel_Ceiling_panel1.uasset" 660
"D:/Epic Games/Projects/KandidatHorror/Content/Assets/Ceiling_panel/Ceiling_panel_pillar2_albedo.uasset" 661
"D:/Epic Games/Projects/KandidatHorror/Content/Assets/Ceiling_panel/Ceiling_panel_pillar2_normal.uasset" 662
"D:/Epic Games/Projects/KandidatHorror/Content/Assets/Ceiling_panel/Ceiling_panel_pillar2_reflection.uasset" 663
"D:/Epic Games/Projects/KandidatHorror/Content/Assets/Ceiling_panel/Ceiling_panel_pillar_material.uasset" 664
"D:/Epic Games/Projects/KandidatHorror/Content/Assets/Ceiling_panel/Ceiling_panel_Ceiling_panel_pillar2.uasset" 665
"D:/Epic Games/Projects/KandidatHorror/Content/Assets/Door/Big_Frame_albedo.uasset" 666
"D:/Epic Games/Projects/KandidatHorror/Content/Assets/Door/Big_Frame_normal.uasset" 667
"D:/Epic Games/Projects/KandidatHorror/Content/Assets/Door/Big_Frame_reflection.uasset" 668
"D:/Epic Games/Projects/KandidatHorror/Content/Assets/Door/Big_frame_material.uasset" 669
"D:/Epic Games/Projects/KandidatHorror/Content/Assets/Door/Frames_Door_Big_Frame_pCube45.uasset" 670
"D:/Epic Games/Projects/KandidatHorror/Content/Assets/Door/Door_frame_albedo.uasset" 671
"D:/Epic Games/Projects/KandidatHorror/Content/Assets/Door/Door_frame_normal.uasset" 672
"D:/Epic Games/Projects/KandidatHorror/Content/Assets/Door/Door_frame_reflection.uasset" 673
"D:/Epic Games/Projects/KandidatHorror/Content/Assets/Door/Door_frame_material.uasset" 674
"D:/Epic Games/Projects/KandidatHorror/Content/Assets/Door/Frames_Door_Door_frame_pPlane13.uasset" 675
"D:/Epic Games/Projects/KandidatHorror/Content/Assets/Floor.uasset" 676
"../../../Engine/Content/Functions/Engine_MaterialFunctions02/Math/CreateThirdOrthogonalVector.uasset" 677
"../../../Engine/Content/Functions/Engine_MaterialFunctions02/Math/InverseTransformMatrix.uasset" 678
"../../../Engine/Content/Functions/Engine_MaterialFunctions02/Math/TransformToZVector.uasset" 679
"../../../Engine/Content/Functions/Engine_MaterialFunctions02/Utility/CameraDirectionVector.uasset" 680
"../../../Engine/Content/Functions/Engine_MaterialFunctions02/Utility/VectorLength.uasset" 681
"../../../Engine/Content/EngineVolumetrics/Fogsheet/Materials/T_EV_BlankWhite_01.uasset" 682
"../../../Engine/Content/Functions/Engine_MaterialFunctions01/Texturing/ParallaxOcclusionMapping.uasset" 683
"D:/Epic Games/Projects/KandidatHorror/Content/Assets/lasdlalsda/Carpets/Carpet_big/Carpet_material.uasset" 684
"D:/Epic Games/Projects/KandidatHorror/Content/Assets/lasdlalsda/Carpets/Carpet_big/Carpet_big.uasset" 685
"D:/Epic Games/Projects/KandidatHorror/Content/Assets/lasdlalsda/Carpets/Carpet_long/Carpet_long_alpha.uasset" 686
"D:/Epic Games/Projects/KandidatHorror/Content/Assets/lasdlalsda/Carpets/Carpet_long/Carpet_long_Carpet_long_BaseColor.uasset" 687
"D:/Epic Games/Projects/KandidatHorror/Content/Assets/lasdlalsda/Carpets/Carpet_long/Carpet_long_Carpet_long_Normal.uasset" 688
"D:/Epic Games/Projects/KandidatHorror/Content/Assets/lasdlalsda/Carpets/Carpet_long/Carpet_long_Carpet_long_OcclusionRoughnessMetallic.uasset" 689
"D:/Epic Games/Projects/KandidatHorror/Content/Assets/lasdlalsda/Carpets/Carpet_long/Carpet_long_material.uasset" 690
"D:/Epic Games/Projects/KandidatHorror/Content/Assets/lasdlalsda/Carpets/Carpet_long/Carpet.uasset" 691
"D:/Epic Games/Projects/KandidatHorror/Content/Assets/lasdlalsda/Sofa/Sofa_albedo.uasset" 692
"D:/Epic Games/Projects/KandidatHorror/Content/Assets/lasdlalsda/Sofa/Sofa_red_material.uasset" 693
"D:/Epic Games/Projects/KandidatHorror/Content/Assets/lasdlalsda/Sofa/Sofa.uasset" 694
"D:/Epic Games/Projects/KandidatHorror/Content/Assets/lasdlalsda/Table/Table_cloth/Cloth_alpha.uasset" 695
"D:/Epic Games/Projects/KandidatHorror/Content/Assets/lasdlalsda/Table/Table_cloth/Tablecloth_albedo.uasset" 696
"D:/Epic Games/Projects/KandidatHorror/Content/Assets/lasdlalsda/Table/Table_cloth/Tablecloth_normal.uasset" 697
"D:/Epic Games/Projects/KandidatHorror/Content/Assets/lasdlalsda/Table/Table_cloth/Tablecloth_reflection.uasset" 698
"D:/Epic Games/Projects/KandidatHorror/Content/Assets/lasdlalsda/Table/Table_cloth/initialShadingGroup.uasset" 699
"D:/Epic Games/Projects/KandidatHorror/Content/Assets/lasdlalsda/Table/Table_cloth/Table_cloth.uasset" 700
"D:/Epic Games/Projects/KandidatHorror/Content/Assets/lasdlalsda/Table/polySurface58_albedo.uasset" 701
"D:/Epic Games/Projects/KandidatHorror/Content/Assets/lasdlalsda/Table/polySurface58_normal.uasset" 702
"D:/Epic Games/Projects/KandidatHorror/Content/Assets/lasdlalsda/Table/polySurface58_reflection.uasset" 703
"D:/Epic Games/Projects/KandidatHorror/Content/Assets/lasdlalsda/Table/Table_material.uasset" 704
"D:/Epic Games/Projects/KandidatHorror/Content/Assets/lasdlalsda/Table/Table_low.uasset" 705
"D:/Epic Games/Projects/KandidatHorror/Content/Assets/Saker/Bathroom_floor_roof/Bathroom_floor.uasset" 706
"D:/Epic Games/Projects/KandidatHorror/Content/Assets/Saker/Bathroom_floor_roof/Bathroom_roof.uasset" 707
"D:/Epic Games/Projects/KandidatHorror/Content/Assets/Saker_igen/Light_button/Lightbutton1_albedo.uasset" 708
"D:/Epic Games/Projects/KandidatHorror/Content/Assets/Saker_igen/Light_button/Lightbutton1_normal.uasset" 709
"D:/Epic Games/Projects/KandidatHorror/Content/Assets/Saker_igen/Light_button/Lightbutton1_reflection.uasset" 710
"D:/Epic Games/Projects/KandidatHorror/Content/Assets/Saker_igen/Light_button/Light_button_material.uasset" 711
"D:/Epic Games/Projects/KandidatHorror/Content/Assets/Saker_igen/Light_button/Lightbutton_Lightbutton.uasset" 712
"D:/Epic Games/Projects/KandidatHorror/Content/Assets/Saker_igen/Light_button/Lightbutton_Lightbuttonbase.uasset" 713
"D:/Epic Games/Projects/KandidatHorror/Content/Assets/Saker_igen/Mirror/Mirror_albedo.uasset" 714
"D:/Epic Games/Projects/KandidatHorror/Content/Assets/Saker_igen/Mirror/Mirror_normal.uasset" 715
"D:/Epic Games/Projects/KandidatHorror/Content/Assets/Saker_igen/Mirror/Mirror_reflection.uasset" 716
"D:/Epic Games/Projects/KandidatHorror/Content/Assets/Saker_igen/Mirror/Mirror_mat.uasset" 717
"D:/Epic Games/Projects/KandidatHorror/Content/Assets/Saker_igen/Mirror/Mirror.uasset" 718
"D:/Epic Games/Projects/KandidatHorror/Content/Assets/Wall_wallpaper/Wall_wallpaper3_albedo.uasset" 719
"D:/Epic Games/Projects/KandidatHorror/Content/Assets/Wall_wallpaper/Wall_wallpaper3_normal.uasset" 720
"D:/Epic Games/Projects/KandidatHorror/Content/Assets/Wall_wallpaper/Wall_wallpaper3_reflection.uasset" 721
"D:/Epic Games/Projects/KandidatHorror/Content/Assets/Wall_wallpaper/Wall_wallpaper_material.uasset" 722
"D:/Epic Games/Projects/KandidatHorror/Content/Assets/Wall_wallpaper/Wall_wallpaper_Wall_wallpaper2.uasset" 723
"D:/Epic Games/Projects/KandidatHorror/Content/Assets/Wall_wallpaper/Wall_wallpaper_Wall_wallpaper3.uasset" 724
"D:/Epic Games/Projects/KandidatHorror/Content/Assets/Wall_wallpaper/Wall_wallpaper_Wall_wallpaper4.uasset" 725
"D:/Epic Games/Projects/KandidatHorror/Content/Assets/Wall_wallpaper/Wall_wallpaper_Wall_wallpaper5.uasset" 726
"D:/Epic Games/Projects/KandidatHorror/Content/Assets/Wall_wood/Pillar_wood_albedo.uasset" 727
"D:/Epic Games/Projects/KandidatHorror/Content/Assets/Wall_wood/Pillar_wood_normal.uasset" 728
"D:/Epic Games/Projects/KandidatHorror/Content/Assets/Wall_wood/Pillar_wood_reflection.uasset" 729
"D:/Epic Games/Projects/KandidatHorror/Content/Assets/Wall_wood/Pillar_wood_material1.uasset" 730
"D:/Epic Games/Projects/KandidatHorror/Content/Assets/Wall_wood/Wall_wood_Pillar_wood.uasset" 731
"D:/Epic Games/Projects/KandidatHorror/Content/Assets/Wall_wood/Wood_wall_albedo2.uasset" 732
"D:/Epic Games/Projects/KandidatHorror/Content/Assets/Wall_wood/Wood_wall_normal.uasset" 733
"D:/Epic Games/Projects/KandidatHorror/Content/Assets/Wall_wood/Wood_wall_reflection2.uasset" 734
"D:/Epic Games/Projects/KandidatHorror/Content/Assets/Wall_wood/Wood_wall_materail.uasset" 735
"D:/Epic Games/Projects/KandidatHorror/Content/Assets/Wall_wood/Wall_wood_Wood_wall.uasset" 736
"D:/Epic Games/Projects/KandidatHorror/Content/Assets/Wall_wood/Wall_wood_Wood_wall4.uasset" 737
"D:/Epic Games/Projects/KandidatHorror/Content/Assets/Wall_wood/Wall_wood_Wood_wall5.uasset" 738
"D:/Epic Games/Projects/KandidatHorror/Content/Assets/Wall_wood/Wall_wood_Wood_wall6.uasset" 739
"D:/Epic Games/Projects/KandidatHorror/Content/Assets/Wall_wood_bottom/Pillar_wood_bottom_albedo.uasset" 740
"D:/Epic Games/Projects/KandidatHorror/Content/Assets/Wall_wood_bottom/Pillar_wood_bottom_normal.uasset" 741
"D:/Epic Games/Projects/KandidatHorror/Content/Assets/Wall_wood_bottom/Pillar_wood_bottom_reflection.uasset" 742
"D:/Epic Games/Projects/KandidatHorror/Content/Assets/Wall_wood_bottom/Pillar_wood_bottom_material.uasset" 743
"D:/Epic Games/Projects/KandidatHorror/Content/Assets/Wall_wood_bottom/Wall_wood_bottom_Pillar_wood_bottom.uasset" 744
"D:/Epic Games/Projects/KandidatHorror/Content/Assets/Wall_wood_bottom/Wall_wood_bottom3_albedo.uasset" 745
"D:/Epic Games/Projects/KandidatHorror/Content/Assets/Wall_wood_bottom/Wall_wood_bottom3_normal.uasset" 746
"D:/Epic Games/Projects/KandidatHorror/Content/Assets/Wall_wood_bottom/Wall_wood_bottom3_reflection.uasset" 747
"D:/Epic Games/Projects/KandidatHorror/Content/Assets/Wall_wood_bottom/Wall_wood_bottom_material.uasset" 748
"D:/Epic Games/Projects/KandidatHorror/Content/Assets/Wall_wood_bottom/Wall_wood_bottom_Wall_wood_bottom2.uasset" 749
"D:/Epic Games/Projects/KandidatHorror/Content/Assets/Wall_wood_bottom/Wall_wood_bottom_Wall_wood_bottom3.uasset" 750
"D:/Epic Games/Projects/KandidatHorror/Content/Assets/Wall_wood_bottom/Wall_wood_bottom_Wall_wood_bottom4.uasset" 751
"D:/Epic Games/Projects/KandidatHorror/Content/Assets/Wall_wood_bottom/Wall_wood_bottom_Wall_wood_bottom5.uasset" 752
"D:/Epic Games/Projects/KandidatHorror/Content/Assets/Wall_wood_wallpaper/Pillar__wood_wallpaper1_albedo.uasset" 753
"D:/Epic Games/Projects/KandidatHorror/Content/Assets/Wall_wood_wallpaper/Pillar__wood_wallpaper1_normal.uasset" 754
"D:/Epic Games/Projects/KandidatHorror/Content/Assets/Wall_wood_wallpaper/Pillar__wood_wallpaper1_reflection.uasset" 755
"D:/Epic Games/Projects/KandidatHorror/Content/Assets/Wall_wood_wallpaper/Wood_wall_wallpaper_pillar_material.uasset" 756
"D:/Epic Games/Projects/KandidatHorror/Content/Assets/Wall_wood_wallpaper/Wall_wood_wallpaper_Wood_wall_wallpaper_Pillar_wood.uasset" 757
"D:/Epic Games/Projects/KandidatHorror/Content/Assets/Wall_wood_wallpaper/Wall_wood_wallpaper_albedo.uasset" 758
"D:/Epic Games/Projects/KandidatHorror/Content/Assets/Wall_wood_wallpaper/Wall_wood_wallpaper_normal.uasset" 759
"D:/Epic Games/Projects/KandidatHorror/Content/Assets/Wall_wood_wallpaper/Wall_wood_wallpaper_reflection.uasset" 760
"D:/Epic Games/Projects/KandidatHorror/Content/Assets/Wall_wood_wallpaper/Wall_wood_wallpaper_material.uasset" 761
"D:/Epic Games/Projects/KandidatHorror/Content/Assets/Wall_wood_wallpaper/Wall_wood_wallpaper_Wood_wall_wallpaper_Wood_wall.uasset" 762
"D:/Epic Games/Projects/KandidatHorror/Content/Assets/Wall_wood_wallpaper/Wall_wood_wallpaper_Wood_wall_wallpaper_Wood_wall1.uasset" 763
"D:/Epic Games/Projects/KandidatHorror/Content/Assets/Wall_wood_wallpaper/Wall_wood_wallpaper_Wood_wall_wallpaper_Wood_wall2.uasset" 764
"D:/Epic Games/Projects/KandidatHorror/Content/Assets/Wall_wood_wallpaper/Wall_wood_wallpaper_Wood_wall_wallpaper_Wood_wall3.uasset" 765
"D:/Epic Games/Projects/KandidatHorror/Content/Assets/Windows/Window_albedo.uasset" 766
"D:/Epic Games/Projects/KandidatHorror/Content/Assets/Windows/Window_normal.uasset" 767
"D:/Epic Games/Projects/KandidatHorror/Content/Assets/Windows/Window_reflection.uasset" 768
"D:/Epic Games/Projects/KandidatHorror/Content/Assets/Windows/Window_material.uasset" 769
"D:/Epic Games/Projects/KandidatHorror/Content/Assets/Windows/Window.uasset" 770
"D:/Epic Games/Projects/KandidatHorror/Content/Assets/Windows/Rain_drop_texture.uasset" 771
"D:/Epic Games/Projects/KandidatHorror/Content/Assets/Windows/Rain_drops_normal_map.uasset" 772
"D:/Epic Games/Projects/KandidatHorror/Content/Assets/Windows/Glass_material.uasset" 773
"D:/Epic Games/Projects/KandidatHorror/Content/Assets/Windows/Window_glass.uasset" 774
"D:/Epic Games/Projects/KandidatHorror/Content/Assets/Windows/Long_Window_albedo.uasset" 775
"D:/Epic Games/Projects/KandidatHorror/Content/Assets/Windows/Long_Window_normal.uasset" 776
"D:/Epic Games/Projects/KandidatHorror/Content/Assets/Windows/Long_Window_reflection.uasset" 777
"D:/Epic Games/Projects/KandidatHorror/Content/Assets/Windows/Window_long_material.uasset" 778
"D:/Epic Games/Projects/KandidatHorror/Content/Assets/Windows/Window_long.uasset" 779
"D:/Epic Games/Projects/KandidatHorror/Content/Assets/Windows/Long_glass_material.uasset" 780
"D:/Epic Games/Projects/KandidatHorror/Content/Assets/Windows/Window_long_glass.uasset" 781
"D:/Epic Games/Projects/KandidatHorror/Content/Roof_StaticMesh.uasset" 782
"D:/Epic Games/Projects/KandidatHorror/Content/Sounds/Rain.uasset" 783
"D:/Epic Games/Projects/KandidatHorror/Content/Sounds/UnderWater.uasset" 784
"D:/Epic Games/Projects/KandidatHorror/Content/Sounds/Underwater_noise.uasset" 785
"D:/Epic Games/Projects/KandidatHorror/Content/StarterContent/Textures/T_Dust_Particle_D.uasset" 786
"D:/Epic Games/Projects/KandidatHorror/Content/StarterContent/Particles/Materials/M_Dust_Particle.uasset" 787
"D:/Epic Games/Projects/KandidatHorror/Content/StarterContent/Particles/P_Ambient_Dust.uasset" 788
"D:/Epic Games/Projects/KandidatHorror/Content/Main.umap" 789
"D:/Epic Games/Projects/KandidatHorror/Content/StarterContent/FirstPersonBP/Maps/FirstPersonExampleMap_BuiltData.uasset" 790
"../../../Engine/Content/Functions/Engine_MaterialFunctions03/Procedurals/ComputeFilterWidth.uasset" 791
"../../../Engine/Content/EngineMaterials/AntiAliasedTextMaterialTranslucent.uasset" 792
"D:/Epic Games/Projects/KandidatHorror/Content/StarterContent/FirstPerson/Meshes/CubeMaterialOverride.uasset" 793
"D:/Epic Games/Projects/KandidatHorror/Content/StarterContent/Geometry/Meshes/1M_Cube.uasset" 794
"D:/Epic Games/Projects/KandidatHorror/Content/StarterContent/FirstPersonBP/Maps/FirstPersonExampleMap.umap" 795
"D:/Epic Games/Projects/KandidatHorror/Content/StarterContent/Blueprints/Assets/FogBrightnessLUT.uasset" 796
"D:/Epic Games/Projects/KandidatHorror/Content/StarterContent/Blueprints/Assets/SunlightColorLUT.uasset" 797
"D:/Epic Games/Projects/KandidatHorror/Content/StarterContent/Blueprints/Assets/M_LightStage_Arrows.uasset" 798
"../../../Engine/Content/MapTemplates/Sky/DaylightAmbientCubemap.uasset" 799
"D:/Epic Games/Projects/KandidatHorror/Content/StarterContent/Blueprints/Assets/M_LightStage_Skybox_Master.uasset" 800
"D:/Epic Games/Projects/KandidatHorror/Content/StarterContent/Blueprints/Assets/M_LightStage_Skybox_Black.uasset" 801
"D:/Epic Games/Projects/KandidatHorror/Content/StarterContent/Blueprints/Assets/M_LightStage_Skybox_HDRI.uasset" 802
"../../../Engine/Content/EditorMaterials/Thumbnails/SkySphereMaterial.uasset" 803
"D:/Epic Games/Projects/KandidatHorror/Content/StarterContent/Blueprints/Assets/Skybox.uasset" 804
"D:/Epic Games/Projects/KandidatHorror/Content/StarterContent/Blueprints/Assets/SM_Arrows.uasset" 805
"D:/Epic Games/Projects/KandidatHorror/Content/StarterContent/HDRI/HDRI_Epic_Courtyard_Daylight.uasset" 806
"D:/Epic Games/Projects/KandidatHorror/Content/StarterContent/Blueprints/BP_LightStudio.uasset" 807
"D:/Epic Games/Projects/KandidatHorror/Content/StarterContent/Maps/Advanced_Lighting_BuiltData.uasset" 808
"D:/Epic Games/Projects/KandidatHorror/Content/StarterContent/Materials/M_AssetPlatform.uasset" 809
"../../../Engine/Content/EditorMeshes/ColorCalibrator/M_ChromeBall.uasset" 810
"../../../Engine/Content/EditorMeshes/ColorCalibrator/M_ClearCoat.uasset" 811
"../../../Engine/Content/EditorMeshes/ColorCalibrator/M_ClearCoatBlack.uasset" 812
"../../../Engine/Content/EditorMeshes/ColorCalibrator/Color_checker.uasset" 813
"../../../Engine/Content/EditorMeshes/ColorCalibrator/M_ColorGrid.uasset" 814
"../../../Engine/Content/EditorMeshes/ColorCalibrator/M_GreyBall.uasset" 815
"../../../Engine/Content/EditorMeshes/ColorCalibrator/SM_ColorCalibrator.uasset" 816
"D:/Epic Games/Projects/KandidatHorror/Content/StarterContent/Architecture/SM_AssetPlatform.uasset" 817
"D:/Epic Games/Projects/KandidatHorror/Content/StarterContent/Maps/Advanced_Lighting.umap" 818
"D:/Epic Games/Projects/KandidatHorror/Content/StarterContent/Maps/Minimal_Default_BuiltData.uasset" 819
"D:/Epic Games/Projects/KandidatHorror/Content/StarterContent/Textures/T_MacroVariation.uasset" 820
"D:/Epic Games/Projects/KandidatHorror/Content/StarterContent/Materials/M_Metal_Brushed_Nickel.uasset" 821
"D:/Epic Games/Projects/KandidatHorror/Content/StarterContent/Textures/T_Metal_Aluminum_D.uasset" 822
"D:/Epic Games/Projects/KandidatHorror/Content/StarterContent/Textures/T_Metal_Gold_N.uasset" 823
"D:/Epic Games/Projects/KandidatHorror/Content/StarterContent/Materials/M_Metal_Burnished_Steel.uasset" 824
"D:/Epic Games/Projects/KandidatHorror/Content/StarterContent/Textures/T_Metal_Copper_D.uasset" 825
"D:/Epic Games/Projects/KandidatHorror/Content/StarterContent/Materials/M_Metal_Copper.uasset" 826
"D:/Epic Games/Projects/KandidatHorror/Content/StarterContent/Textures/T_Statue_M.uasset" 827
"D:/Epic Games/Projects/KandidatHorror/Content/StarterContent/Textures/T_Statue_N.uasset" 828
"D:/Epic Games/Projects/KandidatHorror/Content/StarterContent/Props/Materials/M_StatueGlass.uasset" 829
"D:/Epic Games/Projects/KandidatHorror/Content/StarterContent/Architecture/Floor_400x400.uasset" 830
"D:/Epic Games/Projects/KandidatHorror/Content/StarterContent/Audio/Starter_Background_Cue.uasset" 831
"D:/Epic Games/Projects/KandidatHorror/Content/StarterContent/Props/SM_Chair.uasset" 832
"D:/Epic Games/Projects/KandidatHorror/Content/StarterContent/Props/Materials/M_Statue.uasset" 833
"D:/Epic Games/Projects/KandidatHorror/Content/StarterContent/Props/SM_Statue.uasset" 834
"D:/Epic Games/Projects/KandidatHorror/Content/StarterContent/Textures/T_TableRound_M.uasset" 835
"D:/Epic Games/Projects/KandidatHorror/Content/StarterContent/Textures/T_TableRound_N.uasset" 836
"D:/Epic Games/Projects/KandidatHorror/Content/StarterContent/Props/Materials/M_TableRound.uasset" 837
"D:/Epic Games/Projects/KandidatHorror/Content/StarterContent/Props/SM_TableRound.uasset" 838
"D:/Epic Games/Projects/KandidatHorror/Content/StarterContent/Maps/Minimal_Default.umap" 839
"D:/Epic Games/Projects/KandidatHorror/Content/StarterContent/Audio/Fire01_Cue.uasset" 840
"D:/Epic Games/Projects/KandidatHorror/Content/StarterContent/Textures/T_Fire_SubUV.uasset" 841
"D:/Epic Games/Projects/KandidatHorror/Content/StarterContent/Textures/T_Fire_Tiled_D.uasset" 842
"D:/Epic Games/Projects/KandidatHorror/Content/StarterContent/Particles/Materials/M_Fire_SubUV.uasset" 843
"D:/Epic Games/Projects/KandidatHorror/Content/StarterContent/Textures/T_Water_N.uasset" 844
"D:/Epic Games/Projects/KandidatHorror/Content/StarterContent/Particles/Materials/M_Heat_Distortion.uasset" 845
"D:/Epic Games/Projects/KandidatHorror/Content/StarterContent/Particles/Materials/M_Radial_Gradient.uasset" 846
"D:/Epic Games/Projects/KandidatHorror/Content/StarterContent/Particles/P_Fire.uasset" 847
"D:/Epic Games/Projects/KandidatHorror/Content/StarterContent/Blueprints/Blueprint_Effect_Fire.uasset" 848
"D:/Epic Games/Projects/KandidatHorror/Content/StarterContent/Audio/Smoke01_Cue.uasset" 849
"D:/Epic Games/Projects/KandidatHorror/Content/StarterContent/Particles/P_Smoke.uasset" 850
"D:/Epic Games/Projects/KandidatHorror/Content/StarterContent/Blueprints/Blueprint_Effect_Smoke.uasset" 851
"D:/Epic Games/Projects/KandidatHorror/Content/StarterContent/Audio/Fire_Sparks01_Cue.uasset" 852
"D:/Epic Games/Projects/KandidatHorror/Content/StarterContent/Textures/T_Spark_Core.uasset" 853
"D:/Epic Games/Projects/KandidatHorror/Content/StarterContent/Particles/Materials/M_Spark.uasset" 854
"D:/Epic Games/Projects/KandidatHorror/Content/StarterContent/Particles/P_Sparks.uasset" 855
"D:/Epic Games/Projects/KandidatHorror/Content/StarterContent/Blueprints/Blueprint_Effect_Sparks.uasset" 856
"D:/Epic Games/Projects/KandidatHorror/Content/StarterContent/Audio/Steam01_Cue.uasset" 857
"D:/Epic Games/Projects/KandidatHorror/Content/StarterContent/Particles/P_Steam_Lit.uasset" 858
"D:/Epic Games/Projects/KandidatHorror/Content/StarterContent/Blueprints/Blueprint_Effect_Steam.uasset" 859
"D:/Epic Games/Projects/KandidatHorror/Content/StarterContent/Textures/T_Lamp_M.uasset" 860
"D:/Epic Games/Projects/KandidatHorror/Content/StarterContent/Textures/T_Lamp_N.uasset" 861
"D:/Epic Games/Projects/KandidatHorror/Content/StarterContent/Props/Materials/M_Lamp.uasset" 862
"D:/Epic Games/Projects/KandidatHorror/Content/StarterContent/Props/SM_Lamp_Ceiling.uasset" 863
"D:/Epic Games/Projects/KandidatHorror/Content/StarterContent/Blueprints/Blueprint_CeilingLight.uasset" 864
"D:/Epic Games/Projects/KandidatHorror/Content/StarterContent/Props/SM_Lamp_Wall.uasset" 865
"D:/Epic Games/Projects/KandidatHorror/Content/StarterContent/Blueprints/Blueprint_WallSconce.uasset" 866
"D:/Epic Games/Projects/KandidatHorror/Content/StarterContent/Maps/StarterMap_BuiltData.uasset" 867
"D:/Epic Games/Projects/KandidatHorror/Content/StarterContent/Textures/T_Brick_Clay_Beveled_D.uasset" 868
"D:/Epic Games/Projects/KandidatHorror/Content/StarterContent/Textures/T_Brick_Clay_Beveled_M.uasset" 869
"D:/Epic Games/Projects/KandidatHorror/Content/StarterContent/Textures/T_Brick_Clay_Beveled_N.uasset" 870
"D:/Epic Games/Projects/KandidatHorror/Content/StarterContent/Materials/M_Brick_Clay_Beveled.uasset" 871
"D:/Epic Games/Projects/KandidatHorror/Content/StarterContent/Textures/T_Brick_Clay_New_D.uasset" 872
"D:/Epic Games/Projects/KandidatHorror/Content/StarterContent/Textures/T_Brick_Clay_New_M.uasset" 873
"D:/Epic Games/Projects/KandidatHorror/Content/StarterContent/Textures/T_Brick_Clay_New_N.uasset" 874
"D:/Epic Games/Projects/KandidatHorror/Content/StarterContent/Materials/M_Brick_Clay_New.uasset" 875
"D:/Epic Games/Projects/KandidatHorror/Content/StarterContent/Textures/T_Brick_Clay_Old_D.uasset" 876
"D:/Epic Games/Projects/KandidatHorror/Content/StarterContent/Textures/T_Brick_Clay_Old_N.uasset" 877
"D:/Epic Games/Projects/KandidatHorror/Content/StarterContent/Textures/T_Perlin_Noise_M.uasset" 878
"D:/Epic Games/Projects/KandidatHorror/Content/StarterContent/Materials/M_Brick_Clay_Old.uasset" 879
"D:/Epic Games/Projects/KandidatHorror/Content/StarterContent/Textures/T_Brick_Cut_Stone_D.uasset" 880
"D:/Epic Games/Projects/KandidatHorror/Content/StarterContent/Textures/T_Brick_Cut_Stone_N.uasset" 881
"D:/Epic Games/Projects/KandidatHorror/Content/StarterContent/Materials/M_Brick_Cut_Stone.uasset" 882
"D:/Epic Games/Projects/KandidatHorror/Content/StarterContent/Textures/T_Brick_Hewn_Stone_D.uasset" 883
"D:/Epic Games/Projects/KandidatHorror/Content/StarterContent/Textures/T_Brick_Hewn_Stone_M.uasset" 884
"D:/Epic Games/Projects/KandidatHorror/Content/StarterContent/Textures/T_Brick_Hewn_Stone_N.uasset" 885
"D:/Epic Games/Projects/KandidatHorror/Content/StarterContent/Materials/M_Brick_Hewn_Stone.uasset" 886
"D:/Epic Games/Projects/KandidatHorror/Content/StarterContent/Textures/T_Ceramic_Tile_M.uasset" 887
"D:/Epic Games/Projects/KandidatHorror/Content/StarterContent/Textures/T_Ceramic_Tile_N.uasset" 888
"D:/Epic Games/Projects/KandidatHorror/Content/StarterContent/Textures/T_Rock_Marble_Polished_D.uasset" 889
"D:/Epic Games/Projects/KandidatHorror/Content/StarterContent/Materials/M_Ceramic_Tile_Checker.uasset" 890
"D:/Epic Games/Projects/KandidatHorror/Content/StarterContent/Textures/T_CobbleStone_Pebble_D.uasset" 891
"D:/Epic Games/Projects/KandidatHorror/Content/StarterContent/Textures/T_CobbleStone_Pebble_M.uasset" 892
"D:/Epic Games/Projects/KandidatHorror/Content/StarterContent/Textures/T_CobbleStone_Pebble_N.uasset" 893
"D:/Epic Games/Projects/KandidatHorror/Content/StarterContent/Materials/M_CobbleStone_Pebble.uasset" 894
"D:/Epic Games/Projects/KandidatHorror/Content/StarterContent/Textures/T_CobbleStone_Rough_D.uasset" 895
"D:/Epic Games/Projects/KandidatHorror/Content/StarterContent/Textures/T_CobbleStone_Rough_N.uasset" 896
"D:/Epic Games/Projects/KandidatHorror/Content/StarterContent/Textures/T_Gradinet_01.uasset" 897
"D:/Epic Games/Projects/KandidatHorror/Content/StarterContent/Textures/T_Rock_Smooth_Granite_D.uasset" 898
"D:/Epic Games/Projects/KandidatHorror/Content/StarterContent/Materials/M_CobbleStone_Rough.uasset" 899
"D:/Epic Games/Projects/KandidatHorror/Content/StarterContent/Textures/T_CobbleStone_Smooth_D.uasset" 900
"D:/Epic Games/Projects/KandidatHorror/Content/StarterContent/Textures/T_CobbleStone_Smooth_M.uasset" 901
"D:/Epic Games/Projects/KandidatHorror/Content/StarterContent/Textures/T_CobbleStone_Smooth_N.uasset" 902
"D:/Epic Games/Projects/KandidatHorror/Content/StarterContent/Materials/M_CobbleStone_Smooth.uasset" 903
"D:/Epic Games/Projects/KandidatHorror/Content/StarterContent/Textures/T_Concrete_Grime_D.uasset" 904
"D:/Epic Games/Projects/KandidatHorror/Content/StarterContent/Textures/T_Metal_Rust_N.uasset" 905
"D:/Epic Games/Projects/KandidatHorror/Content/StarterContent/Materials/M_Concrete_Grime.uasset" 906
"D:/Epic Games/Projects/KandidatHorror/Content/StarterContent/Textures/T_Concrete_Panels_D.uasset" 907
"D:/Epic Games/Projects/KandidatHorror/Content/StarterContent/Textures/T_Concrete_Panels_N.uasset" 908
"D:/Epic Games/Projects/KandidatHorror/Content/StarterContent/Materials/M_Concrete_Panels.uasset" 909
"D:/Epic Games/Projects/KandidatHorror/Content/StarterContent/Textures/T_Concrete_Poured_D.uasset" 910
"D:/Epic Games/Projects/KandidatHorror/Content/StarterContent/Textures/T_Concrete_Poured_N.uasset" 911
"D:/Epic Games/Projects/KandidatHorror/Content/StarterContent/Materials/M_Concrete_Poured.uasset" 912
"D:/Epic Games/Projects/KandidatHorror/Content/StarterContent/Textures/T_Concrete_Tiles_D.uasset" 913
"D:/Epic Games/Projects/KandidatHorror/Content/StarterContent/Textures/T_Concrete_Tiles_M.uasset" 914
"D:/Epic Games/Projects/KandidatHorror/Content/StarterContent/Textures/T_Concrete_Tiles_N.uasset" 915
"D:/Epic Games/Projects/KandidatHorror/Content/StarterContent/Textures/T_Concrete_Tiles_Variation_M.uasset" 916
"D:/Epic Games/Projects/KandidatHorror/Content/StarterContent/Materials/M_Concrete_Tiles.uasset" 917
"D:/Epic Games/Projects/KandidatHorror/Content/StarterContent/Textures/T_Ground_Grass_D.uasset" 918
"D:/Epic Games/Projects/KandidatHorror/Content/StarterContent/Textures/T_Ground_Grass_N.uasset" 919
"D:/Epic Games/Projects/KandidatHorror/Content/StarterContent/Materials/M_Ground_Grass.uasset" 920
"D:/Epic Games/Projects/KandidatHorror/Content/StarterContent/Textures/T_Ground_Gravel_D.uasset" 921
"D:/Epic Games/Projects/KandidatHorror/Content/StarterContent/Textures/T_Ground_Gravel_N.uasset" 922
"D:/Epic Games/Projects/KandidatHorror/Content/StarterContent/Materials/M_Ground_Gravel.uasset" 923
"D:/Epic Games/Projects/KandidatHorror/Content/StarterContent/Textures/T_ground_Moss_D.uasset" 924
"D:/Epic Games/Projects/KandidatHorror/Content/StarterContent/Textures/T_Ground_Moss_N.uasset" 925
"D:/Epic Games/Projects/KandidatHorror/Content/StarterContent/Materials/M_Ground_Moss.uasset" 926
"D:/Epic Games/Projects/KandidatHorror/Content/StarterContent/Materials/M_Metal_Chrome.uasset" 927
"D:/Epic Games/Projects/KandidatHorror/Content/StarterContent/Textures/T_Metal_Gold_D.uasset" 928
"D:/Epic Games/Projects/KandidatHorror/Content/StarterContent/Materials/M_Metal_Gold.uasset" 929
"D:/Epic Games/Projects/KandidatHorror/Content/StarterContent/Textures/T_Metal_Rust_D.uasset" 930
"D:/Epic Games/Projects/KandidatHorror/Content/StarterContent/Materials/M_Metal_Rust.uasset" 931
"D:/Epic Games/Projects/KandidatHorror/Content/StarterContent/Textures/T_Metal_Steel_D.uasset" 932
"D:/Epic Games/Projects/KandidatHorror/Content/StarterContent/Textures/T_Metal_Steel_N.uasset" 933
"D:/Epic Games/Projects/KandidatHorror/Content/StarterContent/Materials/M_Metal_Steel.uasset" 934
"D:/Epic Games/Projects/KandidatHorror/Content/StarterContent/Textures/T_Rock_Basalt_N.uasset" 935
"D:/Epic Games/Projects/KandidatHorror/Content/StarterContent/Materials/M_Rock_Basalt.uasset" 936
"D:/Epic Games/Projects/KandidatHorror/Content/StarterContent/Materials/M_Rock_Marble_Polished.uasset" 937
"D:/Epic Games/Projects/KandidatHorror/Content/StarterContent/Textures/T_Rock_Sandstone_D.uasset" 938
"D:/Epic Games/Projects/KandidatHorror/Content/StarterContent/Textures/T_Rock_Sandstone_N.uasset" 939
"D:/Epic Games/Projects/KandidatHorror/Content/StarterContent/Materials/M_Rock_Sandstone.uasset" 940
"D:/Epic Games/Projects/KandidatHorror/Content/StarterContent/Textures/T_Rock_Slate_D.uasset" 941
"D:/Epic Games/Projects/KandidatHorror/Content/StarterContent/Textures/T_Rock_Slate_N.uasset" 942
"D:/Epic Games/Projects/KandidatHorror/Content/StarterContent/Materials/M_Rock_Slate.uasset" 943
"D:/Epic Games/Projects/KandidatHorror/Content/StarterContent/Textures/T_Checker_Noise_M.uasset" 944
"D:/Epic Games/Projects/KandidatHorror/Content/StarterContent/Textures/T_Single_Tile_N.uasset" 945
"D:/Epic Games/Projects/KandidatHorror/Content/StarterContent/Textures/T_Tech_Dot_M.uasset" 946
"D:/Epic Games/Projects/KandidatHorror/Content/StarterContent/Textures/T_Tech_Dot_N.uasset" 947
"D:/Epic Games/Projects/KandidatHorror/Content/StarterContent/Materials/M_Tech_Checker_Dot.uasset" 948
"D:/Epic Games/Projects/KandidatHorror/Content/StarterContent/Textures/T_Tech_Hex_Tile_M.uasset" 949
"D:/Epic Games/Projects/KandidatHorror/Content/StarterContent/Textures/T_Tech_Hex_Tile_N.uasset" 950
"D:/Epic Games/Projects/KandidatHorror/Content/StarterContent/Materials/M_Tech_Hex_Tile.uasset" 951
"D:/Epic Games/Projects/KandidatHorror/Content/StarterContent/Materials/M_Tech_Hex_Tile_Pulse.uasset" 952
"D:/Epic Games/Projects/KandidatHorror/Content/StarterContent/Textures/T_Tech_Panel_M.uasset" 953
"D:/Epic Games/Projects/KandidatHorror/Content/StarterContent/Textures/T_Tech_Panel_N.uasset" 954
"D:/Epic Games/Projects/KandidatHorror/Content/StarterContent/Materials/M_Tech_Panel.uasset" 955
"D:/Epic Games/Projects/KandidatHorror/Content/StarterContent/Materials/M_Water_Lake.uasset" 956
"D:/Epic Games/Projects/KandidatHorror/Content/StarterContent/Textures/T_Water_M.uasset" 957
"D:/Epic Games/Projects/KandidatHorror/Content/StarterContent/Materials/M_Water_Ocean.uasset" 958
"D:/Epic Games/Projects/KandidatHorror/Content/StarterContent/Textures/T_Wood_Floor_Walnut_D.uasset" 959
"D:/Epic Games/Projects/KandidatHorror/Content/StarterContent/Textures/T_Wood_Floor_Walnut_M.uasset" 960
"D:/Epic Games/Projects/KandidatHorror/Content/StarterContent/Textures/T_Wood_Floor_Walnut_N.uasset" 961
"D:/Epic Games/Projects/KandidatHorror/Content/StarterContent/Materials/M_Wood_Floor_Walnut_Polished.uasset" 962
"../../../Engine/Content/Functions/Engine_MaterialFunctions01/Opacity/AlphaOffset.uasset" 963
"D:/Epic Games/Projects/KandidatHorror/Content/StarterContent/Materials/M_Wood_Floor_Walnut_Worn.uasset" 964
"D:/Epic Games/Projects/KandidatHorror/Content/StarterContent/Textures/T_Wood_Oak_D.uasset" 965
"D:/Epic Games/Projects/KandidatHorror/Content/StarterContent/Textures/T_Wood_Oak_N.uasset" 966
"D:/Epic Games/Projects/KandidatHorror/Content/StarterContent/Materials/M_Wood_Oak.uasset" 967
"D:/Epic Games/Projects/KandidatHorror/Content/StarterContent/Textures/T_Wood_Pine_D.uasset" 968
"D:/Epic Games/Projects/KandidatHorror/Content/StarterContent/Textures/T_Wood_Pine_N.uasset" 969
"D:/Epic Games/Projects/KandidatHorror/Content/StarterContent/Materials/M_Wood_Pine.uasset" 970
"D:/Epic Games/Projects/KandidatHorror/Content/StarterContent/Textures/T_Wood_Walnut_D.uasset" 971
"D:/Epic Games/Projects/KandidatHorror/Content/StarterContent/Textures/T_Wood_Walnut_N.uasset" 972
"D:/Epic Games/Projects/KandidatHorror/Content/StarterContent/Materials/M_Wood_Walnut.uasset" 973
"D:/Epic Games/Projects/KandidatHorror/Content/StarterContent/Architecture/Wall_400x200.uasset" 974
"D:/Epic Games/Projects/KandidatHorror/Content/StarterContent/Architecture/Wall_Door_400x300.uasset" 975
"D:/Epic Games/Projects/KandidatHorror/Content/StarterContent/Architecture/Wall_Window_400x300.uasset" 976
"D:/Epic Games/Projects/KandidatHorror/Content/StarterContent/Audio/Collapse_Cue.uasset" 977
"D:/Epic Games/Projects/KandidatHorror/Content/StarterContent/Audio/Starter_Music_Cue.uasset" 978
"D:/Epic Games/Projects/KandidatHorror/Content/StarterContent/Props/MaterialSphere.uasset" 979
"D:/Epic Games/Projects/KandidatHorror/Content/StarterContent/Textures/T_Frame_M.uasset" 980
"D:/Epic Games/Projects/KandidatHorror/Content/StarterContent/Textures/T_Frame_N.uasset" 981
"D:/Epic Games/Projects/KandidatHorror/Content/StarterContent/Props/Materials/M_Frame.uasset" 982
"D:/Epic Games/Projects/KandidatHorror/Content/StarterContent/Props/SM_CornerFrame.uasset" 983
"D:/Epic Games/Projects/KandidatHorror/Content/StarterContent/Props/SM_DoorFrame.uasset" 984
"D:/Epic Games/Projects/KandidatHorror/Content/StarterContent/Props/SM_GlassWindow.uasset" 985
"D:/Epic Games/Projects/KandidatHorror/Content/StarterContent/Props/SM_PillarFrame.uasset" 986
"D:/Epic Games/Projects/KandidatHorror/Content/StarterContent/Props/SM_PillarFrame300.uasset" 987
"D:/Epic Games/Projects/KandidatHorror/Content/StarterContent/Props/SM_WindowFrame.uasset" 988
"D:/Epic Games/Projects/KandidatHorror/Content/StarterContent/Shapes/Shape_Cube.uasset" 989
"D:/Epic Games/Projects/KandidatHorror/Content/StarterContent/Shapes/Shape_QuadPyramid.uasset" 990
"D:/Epic Games/Projects/KandidatHorror/Content/StarterContent/Shapes/Shape_Sphere.uasset" 991
"D:/Epic Games/Projects/KandidatHorror/Content/StarterContent/Maps/StarterMap.umap" 992
"../../../Engine/Content/Maps/Entry.umap" 993
"../../../Engine/Content/Maps/Templates/Template_Default_BuiltData.uasset" 994
"../../../Engine/Content/Maps/Templates/Template_Default.umap" 995
